0.8714 	WARNING 	We strongly recommend you activate the PTB sound engine in PsychoPy prefs as the preferred audio engine. Its timing is vastly superior. Your prefs are currently set to use ['sounddevice', 'PTB', 'pyo', 'pygame'] (in that order).
10.0138 	INFO 	Loaded monitor calibration from ['2021_02_17 06:40']
10.7408 	EXP 	Created window1 = Window(allowGUI=False, allowStencil=False, args=UNKNOWN, autoLog=True, bitsMode=UNKNOWN, blendMode='avg', bpc=(8, 8, 8), color=array([0., 0., 0.]), colorSpace='rgb', depthBits=8, fullscr=<method-wrapper '__getattribute__' of attributeSetter object at 0x1284e3a58>, gamma=None, gammaErrorPolicy='raise', kwargs=UNKNOWN, lms=UNKNOWN, monitor=<psychopy.monitors.calibTools.Monitor object at 0x1284da780>, multiSample=False, name='window1', numSamples=2, pos=[0.0, 0.0], screen=0, size=array([1440,  900]), stencilBits=0, stereo=False, units='height', useFBO=True, useRetina=False, viewOri=0.0, viewPos=None, viewScale=None, waitBlanking=True, winType='pyglet')
10.7411 	EXP 	window1: mouseVisible = True
10.7412 	EXP 	window1: recordFrameIntervals = False
10.9072 	EXP 	window1: recordFrameIntervals = True
11.0918 	DEBUG 	Screen (0) actual frame rate measured at 59.67
11.0918 	EXP 	window1: recordFrameIntervals = False
11.6050 	EXP 	Created intro = TextStim(__class__=<class 'psychopy.visual.text.TextStim'>, alignHoriz=method-wrapper(...), alignText='center', alignVert=method-wrapper(...), anchorHoriz='center', anchorVert='center', antialias=True, autoLog=True, bold=False, color='white', colorSpace='named', contrast=1.0, depth=0.0, flipHoriz=False, flipVert=False, font='Arial', fontFiles=[], height=0.1, italic=False, languageStyle='LTR', name='intro', opacity=1.0, ori=0, pos=array([0., 0.]), rgb=array([255., 255., 255.]), text='Hi! Welcome to the experiment. ', units='height', win=Window(...), wrapWidth=1)
11.6623 	EXP 	Created instruction = TextStim(__class__=<class 'psychopy.visual.text.TextStim'>, alignHoriz=method-wrapper(...), alignText='center', alignVert=method-wrapper(...), anchorHoriz='center', anchorVert='center', antialias=True, autoLog=True, bold=False, color='white', colorSpace='named', contrast=1.0, depth=-1.0, flipHoriz=False, flipVert=False, font='Arial', fontFiles=[], height=0.05, italic=False, languageStyle='LTR', name='instruction', opacity=1.0, ori=0, pos=array([0., 0.]), rgb=array([255., 255., 255.]), text=str(...), units='height', win=Window(...), wrapWidth=1)
12.0103 	EXP 	Created fixation = ShapeStim(__class__=<class 'psychopy.visual.shape.ShapeStim'>, autoDraw=False, autoLog=True, closeShape=True, contrast=1.0, depth=0.0, fillColor='white', fillColorSpace='named', interpolate=True, lineColor='black', lineColorSpace='named', lineWidth=1, name='fixation', opacity=1.0, ori=array(0.), pos=array([0., 0.]), size=array([0.05, 0.05]), units='height', vertices=ndarray(...), win=Window(...), windingRule=None)
12.0118 	EXP 	Created cue = Rect(__class__=<class 'psychopy.visual.rect.Rect'>, autoDraw=False, autoLog=True, closeShape=True, color=method-wrapper(...), colorSpace=None, contrast=1.0, depth=-1.0, fillColor='green', fillColorSpace='named', fillRGB=array([  0., 128.,   0.]), interpolate=True, lineColor='green', lineColorSpace='named', lineRGB=array([  0., 128.,   0.]), lineWidth=1, name='cue', opacity=1.0, ori=array(0.), pos=array([0., 0.]), size=array([0.1, 0.1]), units='height', vertices=ndarray(...), win=Window(...))
12.0141 	EXP 	Created target = ShapeStim(__class__=<class 'psychopy.visual.shape.ShapeStim'>, autoDraw=False, autoLog=True, closeShape=True, contrast=1.0, depth=-2.0, fillColor='green', fillColorSpace='named', interpolate=True, lineColor='green', lineColorSpace='named', lineWidth=1, name='target', opacity=1.0, ori=array(0.), pos=array([0., 0.]), size=array([0.3, 0.3]), units='height', vertices=ndarray(...), win=Window(...), windingRule=None)
12.3517 	EXP 	Created ending = TextStim(__class__=<class 'psychopy.visual.text.TextStim'>, alignHoriz=method-wrapper(...), alignText='center', alignVert=method-wrapper(...), anchorHoriz='center', anchorVert='center', antialias=True, autoLog=True, bold=False, color='white', colorSpace='named', contrast=1.0, depth=0.0, flipHoriz=False, flipVert=False, font='Arial', fontFiles=[], height=0.1, italic=False, languageStyle='LTR', name='ending', opacity=1.0, ori=0, pos=array([0., 0.]), rgb=array([255., 255., 255.]), text=str(...), units='height', win=Window(...), wrapWidth=1)
12.3743 	EXP 	intro: autoDraw = True
14.3581 	EXP 	instruction: autoDraw = True
14.3757 	EXP 	intro: autoDraw = False
16.4343 	DATA 	Keypress: space
16.4573 	DEBUG 	Read Excel file with pandas: conditions1.xlsx
16.4608 	DEBUG 	Clearing unnamed columns from conditions1.xlsx
16.4618 	EXP 	Imported conditions1.xlsx as conditions, 10 conditions, 3 params
16.4623 	EXP 	Created sequence: random, trialTypes=10, nReps=5, seed=None
16.4628 	EXP 	New trial (rep=0, index=0): OrderedDict([('target_pos', 0.5), ('cue_pos', 0.5), ('corrAns', 'right ')])
16.4912 	EXP 	intro: autoDraw = False
16.4912 	EXP 	instruction: autoDraw = False
16.4912 	EXP 	cue: pos = array([0.5, 0. ])
16.4912 	EXP 	target: pos = array([0.5, 0. ])
16.4912 	EXP 	fixation: autoDraw = True
16.9588 	EXP 	cue: autoDraw = True
17.1579 	EXP 	target: autoDraw = True
17.1745 	EXP 	cue: autoDraw = False
17.4970 	EXP 	New trial (rep=0, index=1): OrderedDict([('target_pos', 0.5), ('cue_pos', -0.5), ('corrAns', 'right ')])
17.5023 	DATA 	Keypress: right
17.5083 	EXP 	fixation: autoDraw = False
17.5083 	EXP 	cue: autoDraw = False
17.5083 	EXP 	target: autoDraw = False
17.5083 	EXP 	cue: pos = array([-0.5,  0. ])
17.5083 	EXP 	target: pos = array([0.5, 0. ])
17.5083 	EXP 	fixation: autoDraw = True
17.9915 	EXP 	cue: autoDraw = True
18.1921 	EXP 	cue: autoDraw = False
18.1921 	EXP 	target: autoDraw = True
18.5776 	EXP 	New trial (rep=0, index=2): OrderedDict([('target_pos', -0.5), ('cue_pos', 0.5), ('corrAns', 'right ')])
18.5807 	DATA 	Keypress: right
18.5916 	EXP 	fixation: autoDraw = False
18.5916 	EXP 	cue: autoDraw = False
18.5916 	EXP 	target: autoDraw = False
18.5916 	EXP 	cue: pos = array([0.5, 0. ])
18.5916 	EXP 	target: pos = array([-0.5,  0. ])
18.5916 	EXP 	fixation: autoDraw = True
19.0756 	EXP 	cue: autoDraw = True
19.2750 	EXP 	cue: autoDraw = False
19.2750 	EXP 	target: autoDraw = True
19.6601 	EXP 	New trial (rep=0, index=3): OrderedDict([('target_pos', -0.5), ('cue_pos', -0.5), ('corrAns', 'left ')])
19.6636 	DATA 	Keypress: left
19.6748 	EXP 	fixation: autoDraw = False
19.6748 	EXP 	cue: autoDraw = False
19.6748 	EXP 	target: autoDraw = False
19.6748 	EXP 	cue: pos = array([-0.5,  0. ])
19.6748 	EXP 	target: pos = array([-0.5,  0. ])
19.6748 	EXP 	fixation: autoDraw = True
20.1581 	EXP 	cue: autoDraw = True
20.3588 	EXP 	cue: autoDraw = False
20.3588 	EXP 	target: autoDraw = True
20.6620 	EXP 	New trial (rep=0, index=4): OrderedDict([('target_pos', -0.5), ('cue_pos', -0.5), ('corrAns', 'left')])
20.6659 	DATA 	Keypress: left
20.6755 	EXP 	fixation: autoDraw = False
20.6755 	EXP 	cue: autoDraw = False
20.6755 	EXP 	target: autoDraw = False
20.6755 	EXP 	cue: pos = array([-0.5,  0. ])
20.6755 	EXP 	target: pos = array([-0.5,  0. ])
20.6755 	EXP 	fixation: autoDraw = True
21.1583 	EXP 	cue: autoDraw = True
21.3586 	EXP 	cue: autoDraw = False
21.3586 	EXP 	target: autoDraw = True
21.6603 	EXP 	New trial (rep=0, index=5): OrderedDict([('target_pos', -0.5), ('cue_pos', 0.5), ('corrAns', 'left ')])
21.6636 	DATA 	Keypress: left
21.6748 	EXP 	fixation: autoDraw = False
21.6748 	EXP 	cue: autoDraw = False
21.6748 	EXP 	target: autoDraw = False
21.6748 	EXP 	cue: pos = array([0.5, 0. ])
21.6748 	EXP 	target: pos = array([-0.5,  0. ])
21.6748 	EXP 	fixation: autoDraw = True
22.1589 	EXP 	cue: autoDraw = True
22.3589 	EXP 	cue: autoDraw = False
22.3589 	EXP 	target: autoDraw = True
22.8113 	EXP 	New trial (rep=0, index=6): OrderedDict([('target_pos', 0.5), ('cue_pos', -0.5), ('corrAns', 'right ')])
22.8152 	DATA 	Keypress: left
22.8252 	EXP 	fixation: autoDraw = False
22.8252 	EXP 	cue: autoDraw = False
22.8252 	EXP 	target: autoDraw = False
22.8252 	EXP 	cue: pos = array([-0.5,  0. ])
22.8252 	EXP 	target: pos = array([0.5, 0. ])
22.8252 	EXP 	fixation: autoDraw = True
23.3082 	EXP 	cue: autoDraw = True
23.5079 	EXP 	cue: autoDraw = False
23.5079 	EXP 	target: autoDraw = True
23.9935 	EXP 	New trial (rep=0, index=7): OrderedDict([('target_pos', -0.5), ('cue_pos', -0.5), ('corrAns', 'left ')])
23.9965 	DATA 	Keypress: right
24.0086 	EXP 	fixation: autoDraw = False
24.0086 	EXP 	cue: autoDraw = False
24.0086 	EXP 	target: autoDraw = False
24.0086 	EXP 	cue: pos = array([-0.5,  0. ])
24.0086 	EXP 	target: pos = array([-0.5,  0. ])
24.0086 	EXP 	fixation: autoDraw = True
24.4917 	EXP 	cue: autoDraw = True
24.6925 	EXP 	cue: autoDraw = False
24.6925 	EXP 	target: autoDraw = True
24.9770 	EXP 	New trial (rep=0, index=8): OrderedDict([('target_pos', -0.5), ('cue_pos', -0.5), ('corrAns', 'left')])
24.9805 	DATA 	Keypress: left
24.9921 	EXP 	fixation: autoDraw = False
24.9921 	EXP 	cue: autoDraw = False
24.9921 	EXP 	target: autoDraw = False
24.9921 	EXP 	cue: pos = array([-0.5,  0. ])
24.9921 	EXP 	target: pos = array([-0.5,  0. ])
24.9921 	EXP 	fixation: autoDraw = True
25.4744 	EXP 	cue: autoDraw = True
25.6758 	EXP 	cue: autoDraw = False
25.6758 	EXP 	target: autoDraw = True
25.9984 	DATA 	Keypress: left
26.0112 	EXP 	New trial (rep=0, index=9): OrderedDict([('target_pos', 0.5), ('cue_pos', 0.5), ('corrAns', 'right ')])
26.0252 	EXP 	fixation: autoDraw = False
26.0252 	EXP 	cue: autoDraw = False
26.0252 	EXP 	target: autoDraw = False
26.0252 	EXP 	cue: pos = array([0.5, 0. ])
26.0252 	EXP 	target: pos = array([0.5, 0. ])
26.0252 	EXP 	fixation: autoDraw = True
26.5098 	EXP 	cue: autoDraw = True
26.7085 	EXP 	cue: autoDraw = False
26.7085 	EXP 	target: autoDraw = True
26.9778 	EXP 	New trial (rep=1, index=0): OrderedDict([('target_pos', -0.5), ('cue_pos', 0.5), ('corrAns', 'left ')])
26.9811 	DATA 	Keypress: right
26.9921 	EXP 	fixation: autoDraw = False
26.9921 	EXP 	cue: autoDraw = False
26.9921 	EXP 	target: autoDraw = False
26.9921 	EXP 	cue: pos = array([0.5, 0. ])
26.9921 	EXP 	target: pos = array([-0.5,  0. ])
26.9921 	EXP 	fixation: autoDraw = True
27.4754 	EXP 	cue: autoDraw = True
27.6768 	EXP 	cue: autoDraw = False
27.6768 	EXP 	target: autoDraw = True
28.0614 	EXP 	New trial (rep=1, index=1): OrderedDict([('target_pos', -0.5), ('cue_pos', -0.5), ('corrAns', 'left ')])
28.0644 	DATA 	Keypress: left
28.0756 	EXP 	fixation: autoDraw = False
28.0756 	EXP 	cue: autoDraw = False
28.0756 	EXP 	target: autoDraw = False
28.0756 	EXP 	cue: pos = array([-0.5,  0. ])
28.0756 	EXP 	target: pos = array([-0.5,  0. ])
28.0756 	EXP 	fixation: autoDraw = True
28.5592 	EXP 	cue: autoDraw = True
28.7599 	EXP 	cue: autoDraw = False
28.7599 	EXP 	target: autoDraw = True
29.0622 	EXP 	New trial (rep=1, index=2): OrderedDict([('target_pos', -0.5), ('cue_pos', 0.5), ('corrAns', 'right ')])
29.0664 	DATA 	Keypress: left
29.0754 	EXP 	fixation: autoDraw = False
29.0754 	EXP 	cue: autoDraw = False
29.0754 	EXP 	target: autoDraw = False
29.0754 	EXP 	cue: pos = array([0.5, 0. ])
29.0754 	EXP 	target: pos = array([-0.5,  0. ])
29.0754 	EXP 	fixation: autoDraw = True
29.5596 	EXP 	cue: autoDraw = True
29.7595 	EXP 	cue: autoDraw = False
29.7595 	EXP 	target: autoDraw = True
30.1107 	EXP 	New trial (rep=1, index=3): OrderedDict([('target_pos', 0.5), ('cue_pos', 0.5), ('corrAns', 'right ')])
30.1137 	DATA 	Keypress: left
30.1260 	EXP 	fixation: autoDraw = False
30.1260 	EXP 	cue: autoDraw = False
30.1260 	EXP 	target: autoDraw = False
30.1260 	EXP 	cue: pos = array([0.5, 0. ])
30.1260 	EXP 	target: pos = array([0.5, 0. ])
30.1260 	EXP 	fixation: autoDraw = True
30.6096 	EXP 	cue: autoDraw = True
30.8095 	EXP 	cue: autoDraw = False
30.8095 	EXP 	target: autoDraw = True
31.1608 	EXP 	New trial (rep=1, index=4): OrderedDict([('target_pos', -0.5), ('cue_pos', -0.5), ('corrAns', 'left')])
31.1644 	DATA 	Keypress: right
31.1752 	EXP 	fixation: autoDraw = False
31.1752 	EXP 	cue: autoDraw = False
31.1752 	EXP 	target: autoDraw = False
31.1752 	EXP 	cue: pos = array([-0.5,  0. ])
31.1752 	EXP 	target: pos = array([-0.5,  0. ])
31.1752 	EXP 	fixation: autoDraw = True
31.6583 	EXP 	cue: autoDraw = True
31.8592 	EXP 	cue: autoDraw = False
31.8592 	EXP 	target: autoDraw = True
32.1781 	EXP 	New trial (rep=1, index=5): OrderedDict([('target_pos', 0.5), ('cue_pos', -0.5), ('corrAns', 'right ')])
32.1811 	DATA 	Keypress: left
32.1925 	EXP 	fixation: autoDraw = False
32.1925 	EXP 	cue: autoDraw = False
32.1925 	EXP 	target: autoDraw = False
32.1925 	EXP 	cue: pos = array([-0.5,  0. ])
32.1925 	EXP 	target: pos = array([0.5, 0. ])
32.1925 	EXP 	fixation: autoDraw = True
32.6755 	EXP 	cue: autoDraw = True
32.8759 	EXP 	cue: autoDraw = False
32.8759 	EXP 	target: autoDraw = True
33.2623 	EXP 	New trial (rep=1, index=6): OrderedDict([('target_pos', -0.5), ('cue_pos', -0.5), ('corrAns', 'left')])
33.2655 	DATA 	Keypress: right
33.2755 	EXP 	fixation: autoDraw = False
33.2755 	EXP 	cue: autoDraw = False
33.2755 	EXP 	target: autoDraw = False
33.2755 	EXP 	cue: pos = array([-0.5,  0. ])
33.2755 	EXP 	target: pos = array([-0.5,  0. ])
33.2755 	EXP 	fixation: autoDraw = True
33.7601 	EXP 	cue: autoDraw = True
33.9602 	EXP 	target: autoDraw = True
33.9764 	EXP 	cue: autoDraw = False
34.2454 	EXP 	New trial (rep=1, index=7): OrderedDict([('target_pos', 0.5), ('cue_pos', 0.5), ('corrAns', 'right ')])
34.2488 	DATA 	Keypress: left
34.2589 	EXP 	fixation: autoDraw = False
34.2589 	EXP 	cue: autoDraw = False
34.2589 	EXP 	target: autoDraw = False
34.2589 	EXP 	cue: pos = array([0.5, 0. ])
34.2589 	EXP 	target: pos = array([0.5, 0. ])
34.2589 	EXP 	fixation: autoDraw = True
34.7421 	EXP 	cue: autoDraw = True
34.9435 	EXP 	cue: autoDraw = False
34.9435 	EXP 	target: autoDraw = True
35.2294 	EXP 	New trial (rep=1, index=8): OrderedDict([('target_pos', 0.5), ('cue_pos', -0.5), ('corrAns', 'right ')])
35.2337 	DATA 	Keypress: right
35.2425 	EXP 	fixation: autoDraw = False
35.2425 	EXP 	cue: autoDraw = False
35.2425 	EXP 	target: autoDraw = False
35.2425 	EXP 	cue: pos = array([-0.5,  0. ])
35.2425 	EXP 	target: pos = array([0.5, 0. ])
35.2425 	EXP 	fixation: autoDraw = True
35.7263 	EXP 	cue: autoDraw = True
35.9271 	EXP 	target: autoDraw = True
35.9430 	EXP 	cue: autoDraw = False
36.3305 	EXP 	New trial (rep=1, index=9): OrderedDict([('target_pos', -0.5), ('cue_pos', -0.5), ('corrAns', 'left ')])
36.3342 	DATA 	Keypress: right
36.3423 	EXP 	fixation: autoDraw = False
36.3423 	EXP 	cue: autoDraw = False
36.3423 	EXP 	target: autoDraw = False
36.3423 	EXP 	cue: pos = array([-0.5,  0. ])
36.3423 	EXP 	target: pos = array([-0.5,  0. ])
36.3423 	EXP 	fixation: autoDraw = True
36.8262 	EXP 	cue: autoDraw = True
37.0263 	EXP 	cue: autoDraw = False
37.0263 	EXP 	target: autoDraw = True
37.3294 	EXP 	New trial (rep=2, index=0): OrderedDict([('target_pos', -0.5), ('cue_pos', 0.5), ('corrAns', 'left ')])
37.3329 	DATA 	Keypress: left
37.3426 	EXP 	fixation: autoDraw = False
37.3426 	EXP 	cue: autoDraw = False
37.3426 	EXP 	target: autoDraw = False
37.3426 	EXP 	cue: pos = array([0.5, 0. ])
37.3426 	EXP 	target: pos = array([-0.5,  0. ])
37.3426 	EXP 	fixation: autoDraw = True
37.8271 	EXP 	cue: autoDraw = True
38.0265 	EXP 	cue: autoDraw = False
38.0265 	EXP 	target: autoDraw = True
38.3797 	EXP 	New trial (rep=2, index=1): OrderedDict([('target_pos', -0.5), ('cue_pos', -0.5), ('corrAns', 'left')])
38.3829 	DATA 	Keypress: left
38.3927 	EXP 	fixation: autoDraw = False
38.3927 	EXP 	cue: autoDraw = False
38.3927 	EXP 	target: autoDraw = False
38.3927 	EXP 	cue: pos = array([-0.5,  0. ])
38.3927 	EXP 	target: pos = array([-0.5,  0. ])
38.3927 	EXP 	fixation: autoDraw = True
38.8765 	EXP 	cue: autoDraw = True
39.0769 	EXP 	cue: autoDraw = False
39.0769 	EXP 	target: autoDraw = True
39.3793 	EXP 	New trial (rep=2, index=2): OrderedDict([('target_pos', -0.5), ('cue_pos', 0.5), ('corrAns', 'right ')])
39.3835 	DATA 	Keypress: left
39.3922 	EXP 	fixation: autoDraw = False
39.3922 	EXP 	cue: autoDraw = False
39.3922 	EXP 	target: autoDraw = False
39.3922 	EXP 	cue: pos = array([0.5, 0. ])
39.3922 	EXP 	target: pos = array([-0.5,  0. ])
39.3922 	EXP 	fixation: autoDraw = True
39.8768 	EXP 	cue: autoDraw = True
40.0760 	EXP 	cue: autoDraw = False
40.0760 	EXP 	target: autoDraw = True
40.4283 	EXP 	New trial (rep=2, index=3): OrderedDict([('target_pos', 0.5), ('cue_pos', -0.5), ('corrAns', 'right ')])
40.4313 	DATA 	Keypress: left
40.4435 	EXP 	fixation: autoDraw = False
40.4435 	EXP 	cue: autoDraw = False
40.4435 	EXP 	target: autoDraw = False
40.4435 	EXP 	cue: pos = array([-0.5,  0. ])
40.4435 	EXP 	target: pos = array([0.5, 0. ])
40.4435 	EXP 	fixation: autoDraw = True
40.9261 	EXP 	cue: autoDraw = True
41.1264 	EXP 	cue: autoDraw = False
41.1264 	EXP 	target: autoDraw = True
41.4781 	EXP 	New trial (rep=2, index=4): OrderedDict([('target_pos', 0.5), ('cue_pos', -0.5), ('corrAns', 'right ')])
41.4811 	DATA 	Keypress: right
41.4932 	EXP 	fixation: autoDraw = False
41.4932 	EXP 	cue: autoDraw = False
41.4932 	EXP 	target: autoDraw = False
41.4932 	EXP 	cue: pos = array([-0.5,  0. ])
41.4932 	EXP 	target: pos = array([0.5, 0. ])
41.4932 	EXP 	fixation: autoDraw = True
41.9763 	EXP 	cue: autoDraw = True
42.1771 	EXP 	cue: autoDraw = False
42.1771 	EXP 	target: autoDraw = True
42.4956 	EXP 	New trial (rep=2, index=5): OrderedDict([('target_pos', -0.5), ('cue_pos', -0.5), ('corrAns', 'left ')])
42.4989 	DATA 	Keypress: right
42.5096 	EXP 	fixation: autoDraw = False
42.5096 	EXP 	cue: autoDraw = False
42.5096 	EXP 	target: autoDraw = False
42.5096 	EXP 	cue: pos = array([-0.5,  0. ])
42.5096 	EXP 	target: pos = array([-0.5,  0. ])
42.5096 	EXP 	fixation: autoDraw = True
42.9939 	EXP 	cue: autoDraw = True
43.1937 	EXP 	cue: autoDraw = False
43.1937 	EXP 	target: autoDraw = True
43.5129 	EXP 	New trial (rep=2, index=6): OrderedDict([('target_pos', -0.5), ('cue_pos', -0.5), ('corrAns', 'left ')])
43.5158 	DATA 	Keypress: left
43.5273 	EXP 	fixation: autoDraw = False
43.5273 	EXP 	cue: autoDraw = False
43.5273 	EXP 	target: autoDraw = False
43.5273 	EXP 	cue: pos = array([-0.5,  0. ])
43.5273 	EXP 	target: pos = array([-0.5,  0. ])
43.5273 	EXP 	fixation: autoDraw = True
44.0100 	EXP 	cue: autoDraw = True
44.2103 	EXP 	cue: autoDraw = False
44.2103 	EXP 	target: autoDraw = True
44.5151 	EXP 	New trial (rep=2, index=7): OrderedDict([('target_pos', 0.5), ('cue_pos', 0.5), ('corrAns', 'right ')])
44.5208 	DATA 	Keypress: left
44.5286 	EXP 	fixation: autoDraw = False
44.5286 	EXP 	cue: autoDraw = False
44.5286 	EXP 	target: autoDraw = False
44.5286 	EXP 	cue: pos = array([0.5, 0. ])
44.5286 	EXP 	target: pos = array([0.5, 0. ])
44.5286 	EXP 	fixation: autoDraw = True
45.0100 	EXP 	cue: autoDraw = True
45.2098 	EXP 	cue: autoDraw = False
45.2098 	EXP 	target: autoDraw = True
45.4959 	EXP 	New trial (rep=2, index=8): OrderedDict([('target_pos', -0.5), ('cue_pos', -0.5), ('corrAns', 'left')])
45.4989 	DATA 	Keypress: right
45.5096 	EXP 	fixation: autoDraw = False
45.5096 	EXP 	cue: autoDraw = False
45.5096 	EXP 	target: autoDraw = False
45.5096 	EXP 	cue: pos = array([-0.5,  0. ])
45.5096 	EXP 	target: pos = array([-0.5,  0. ])
45.5096 	EXP 	fixation: autoDraw = True
45.9940 	EXP 	cue: autoDraw = True
46.1938 	EXP 	cue: autoDraw = False
46.1938 	EXP 	target: autoDraw = True
46.4448 	EXP 	New trial (rep=2, index=9): OrderedDict([('target_pos', 0.5), ('cue_pos', 0.5), ('corrAns', 'right ')])
46.4476 	DATA 	Keypress: left
46.4602 	EXP 	fixation: autoDraw = False
46.4602 	EXP 	cue: autoDraw = False
46.4602 	EXP 	target: autoDraw = False
46.4602 	EXP 	cue: pos = array([0.5, 0. ])
46.4602 	EXP 	target: pos = array([0.5, 0. ])
46.4602 	EXP 	fixation: autoDraw = True
46.9429 	EXP 	cue: autoDraw = True
47.1435 	EXP 	cue: autoDraw = False
47.1435 	EXP 	target: autoDraw = True
47.4286 	EXP 	New trial (rep=3, index=0): OrderedDict([('target_pos', 0.5), ('cue_pos', 0.5), ('corrAns', 'right ')])
47.4315 	DATA 	Keypress: right
47.4440 	EXP 	fixation: autoDraw = False
47.4440 	EXP 	cue: autoDraw = False
47.4440 	EXP 	target: autoDraw = False
47.4440 	EXP 	cue: pos = array([0.5, 0. ])
47.4440 	EXP 	target: pos = array([0.5, 0. ])
47.4440 	EXP 	fixation: autoDraw = True
47.9271 	EXP 	cue: autoDraw = True
48.1272 	EXP 	cue: autoDraw = False
48.1272 	EXP 	target: autoDraw = True
48.4640 	EXP 	New trial (rep=3, index=1): OrderedDict([('target_pos', -0.5), ('cue_pos', -0.5), ('corrAns', 'left')])
48.4688 	DATA 	Keypress: right
48.4763 	EXP 	fixation: autoDraw = False
48.4763 	EXP 	cue: autoDraw = False
48.4763 	EXP 	target: autoDraw = False
48.4763 	EXP 	cue: pos = array([-0.5,  0. ])
48.4763 	EXP 	target: pos = array([-0.5,  0. ])
48.4763 	EXP 	fixation: autoDraw = True
48.9616 	EXP 	cue: autoDraw = True
49.1608 	EXP 	target: autoDraw = True
49.1776 	EXP 	cue: autoDraw = False
49.4294 	EXP 	New trial (rep=3, index=2): OrderedDict([('target_pos', -0.5), ('cue_pos', 0.5), ('corrAns', 'right ')])
49.4326 	DATA 	Keypress: left
49.4432 	EXP 	fixation: autoDraw = False
49.4432 	EXP 	cue: autoDraw = False
49.4432 	EXP 	target: autoDraw = False
49.4432 	EXP 	cue: pos = array([0.5, 0. ])
49.4432 	EXP 	target: pos = array([-0.5,  0. ])
49.4432 	EXP 	fixation: autoDraw = True
49.9265 	EXP 	cue: autoDraw = True
50.1272 	EXP 	cue: autoDraw = False
50.1272 	EXP 	target: autoDraw = True
50.5782 	EXP 	New trial (rep=3, index=3): OrderedDict([('target_pos', -0.5), ('cue_pos', 0.5), ('corrAns', 'left ')])
50.5813 	DATA 	Keypress: left
50.5938 	EXP 	fixation: autoDraw = False
50.5938 	EXP 	cue: autoDraw = False
50.5938 	EXP 	target: autoDraw = False
50.5938 	EXP 	cue: pos = array([0.5, 0. ])
50.5938 	EXP 	target: pos = array([-0.5,  0. ])
50.5938 	EXP 	fixation: autoDraw = True
51.0773 	EXP 	cue: autoDraw = True
51.2769 	EXP 	cue: autoDraw = False
51.2769 	EXP 	target: autoDraw = True
51.6802 	EXP 	New trial (rep=3, index=4): OrderedDict([('target_pos', 0.5), ('cue_pos', -0.5), ('corrAns', 'right ')])
51.6838 	DATA 	Keypress: left
51.6936 	EXP 	fixation: autoDraw = False
51.6936 	EXP 	cue: autoDraw = False
51.6936 	EXP 	target: autoDraw = False
51.6936 	EXP 	cue: pos = array([-0.5,  0. ])
51.6936 	EXP 	target: pos = array([0.5, 0. ])
51.6936 	EXP 	fixation: autoDraw = True
52.1775 	EXP 	cue: autoDraw = True
52.3778 	EXP 	cue: autoDraw = False
52.3778 	EXP 	target: autoDraw = True
52.7144 	DATA 	Keypress: right
52.7294 	EXP 	New trial (rep=3, index=5): OrderedDict([('target_pos', 0.5), ('cue_pos', -0.5), ('corrAns', 'right ')])
52.7441 	EXP 	fixation: autoDraw = False
52.7441 	EXP 	cue: autoDraw = False
52.7441 	EXP 	target: autoDraw = False
52.7441 	EXP 	cue: pos = array([-0.5,  0. ])
52.7441 	EXP 	target: pos = array([0.5, 0. ])
52.7441 	EXP 	fixation: autoDraw = True
53.2274 	EXP 	cue: autoDraw = True
53.4279 	EXP 	cue: autoDraw = False
53.4279 	EXP 	target: autoDraw = True
53.8287 	EXP 	New trial (rep=3, index=6): OrderedDict([('target_pos', -0.5), ('cue_pos', -0.5), ('corrAns', 'left ')])
53.8318 	DATA 	Keypress: right
53.8434 	EXP 	fixation: autoDraw = False
53.8434 	EXP 	cue: autoDraw = False
53.8434 	EXP 	target: autoDraw = False
53.8434 	EXP 	cue: pos = array([-0.5,  0. ])
53.8434 	EXP 	target: pos = array([-0.5,  0. ])
53.8434 	EXP 	fixation: autoDraw = True
54.3276 	EXP 	cue: autoDraw = True
54.5279 	EXP 	cue: autoDraw = False
54.5279 	EXP 	target: autoDraw = True
54.8142 	EXP 	New trial (rep=3, index=7): OrderedDict([('target_pos', 0.5), ('cue_pos', 0.5), ('corrAns', 'right ')])
54.8182 	DATA 	Keypress: left
54.8263 	EXP 	fixation: autoDraw = False
54.8263 	EXP 	cue: autoDraw = False
54.8263 	EXP 	target: autoDraw = False
54.8263 	EXP 	cue: pos = array([0.5, 0. ])
54.8263 	EXP 	target: pos = array([0.5, 0. ])
54.8263 	EXP 	fixation: autoDraw = True
55.3110 	EXP 	cue: autoDraw = True
55.5111 	EXP 	cue: autoDraw = False
55.5111 	EXP 	target: autoDraw = True
55.8128 	EXP 	New trial (rep=3, index=8): OrderedDict([('target_pos', -0.5), ('cue_pos', -0.5), ('corrAns', 'left')])
55.8159 	DATA 	Keypress: right
55.8271 	EXP 	fixation: autoDraw = False
55.8271 	EXP 	cue: autoDraw = False
55.8271 	EXP 	target: autoDraw = False
55.8271 	EXP 	cue: pos = array([-0.5,  0. ])
55.8271 	EXP 	target: pos = array([-0.5,  0. ])
55.8271 	EXP 	fixation: autoDraw = True
56.3105 	EXP 	cue: autoDraw = True
56.5108 	EXP 	cue: autoDraw = False
56.5108 	EXP 	target: autoDraw = True
56.8634 	EXP 	New trial (rep=3, index=9): OrderedDict([('target_pos', -0.5), ('cue_pos', -0.5), ('corrAns', 'left ')])
56.8665 	DATA 	Keypress: left
56.8776 	EXP 	fixation: autoDraw = False
56.8776 	EXP 	cue: autoDraw = False
56.8776 	EXP 	target: autoDraw = False
56.8776 	EXP 	cue: pos = array([-0.5,  0. ])
56.8776 	EXP 	target: pos = array([-0.5,  0. ])
56.8776 	EXP 	fixation: autoDraw = True
57.3610 	EXP 	cue: autoDraw = True
57.5613 	EXP 	cue: autoDraw = False
57.5613 	EXP 	target: autoDraw = True
57.8815 	EXP 	New trial (rep=4, index=0): OrderedDict([('target_pos', -0.5), ('cue_pos', 0.5), ('corrAns', 'right ')])
57.8856 	DATA 	Keypress: left
57.8941 	EXP 	fixation: autoDraw = False
57.8941 	EXP 	cue: autoDraw = False
57.8941 	EXP 	target: autoDraw = False
57.8941 	EXP 	cue: pos = array([0.5, 0. ])
57.8941 	EXP 	target: pos = array([-0.5,  0. ])
57.8941 	EXP 	fixation: autoDraw = True
58.3781 	EXP 	cue: autoDraw = True
58.5780 	EXP 	cue: autoDraw = False
58.5780 	EXP 	target: autoDraw = True
59.0306 	EXP 	New trial (rep=4, index=1): OrderedDict([('target_pos', 0.5), ('cue_pos', 0.5), ('corrAns', 'right ')])
59.0337 	DATA 	Keypress: left
59.0441 	EXP 	fixation: autoDraw = False
59.0441 	EXP 	cue: autoDraw = False
59.0441 	EXP 	target: autoDraw = False
59.0441 	EXP 	cue: pos = array([0.5, 0. ])
59.0441 	EXP 	target: pos = array([0.5, 0. ])
59.0441 	EXP 	fixation: autoDraw = True
59.5285 	EXP 	cue: autoDraw = True
59.7281 	EXP 	cue: autoDraw = False
59.7281 	EXP 	target: autoDraw = True
60.0810 	EXP 	New trial (rep=4, index=2): OrderedDict([('target_pos', 0.5), ('cue_pos', -0.5), ('corrAns', 'right ')])
60.0847 	DATA 	Keypress: right
60.0948 	EXP 	fixation: autoDraw = False
60.0948 	EXP 	cue: autoDraw = False
60.0948 	EXP 	target: autoDraw = False
60.0948 	EXP 	cue: pos = array([-0.5,  0. ])
60.0948 	EXP 	target: pos = array([0.5, 0. ])
60.0948 	EXP 	fixation: autoDraw = True
60.5782 	EXP 	cue: autoDraw = True
60.7781 	EXP 	cue: autoDraw = False
60.7781 	EXP 	target: autoDraw = True
61.1979 	EXP 	New trial (rep=4, index=3): OrderedDict([('target_pos', -0.5), ('cue_pos', -0.5), ('corrAns', 'left ')])
61.2020 	DATA 	Keypress: right
61.2110 	EXP 	fixation: autoDraw = False
61.2110 	EXP 	cue: autoDraw = False
61.2110 	EXP 	target: autoDraw = False
61.2110 	EXP 	cue: pos = array([-0.5,  0. ])
61.2110 	EXP 	target: pos = array([-0.5,  0. ])
61.2110 	EXP 	fixation: autoDraw = True
61.6947 	EXP 	cue: autoDraw = True
61.8954 	EXP 	target: autoDraw = True
61.9113 	EXP 	cue: autoDraw = False
62.1972 	EXP 	New trial (rep=4, index=4): OrderedDict([('target_pos', -0.5), ('cue_pos', -0.5), ('corrAns', 'left')])
62.2004 	DATA 	Keypress: left
62.2114 	EXP 	fixation: autoDraw = False
62.2114 	EXP 	cue: autoDraw = False
62.2114 	EXP 	target: autoDraw = False
62.2114 	EXP 	cue: pos = array([-0.5,  0. ])
62.2114 	EXP 	target: pos = array([-0.5,  0. ])
62.2114 	EXP 	fixation: autoDraw = True
62.6945 	EXP 	cue: autoDraw = True
62.8949 	EXP 	cue: autoDraw = False
62.8949 	EXP 	target: autoDraw = True
63.2458 	EXP 	New trial (rep=4, index=5): OrderedDict([('target_pos', 0.5), ('cue_pos', -0.5), ('corrAns', 'right ')])
63.2487 	DATA 	Keypress: left
63.2628 	EXP 	fixation: autoDraw = False
63.2628 	EXP 	cue: autoDraw = False
63.2628 	EXP 	target: autoDraw = False
63.2628 	EXP 	cue: pos = array([-0.5,  0. ])
63.2628 	EXP 	target: pos = array([0.5, 0. ])
63.2628 	EXP 	fixation: autoDraw = True
63.7441 	EXP 	cue: autoDraw = True
63.9445 	EXP 	cue: autoDraw = False
63.9445 	EXP 	target: autoDraw = True
64.2661 	EXP 	New trial (rep=4, index=6): OrderedDict([('target_pos', -0.5), ('cue_pos', -0.5), ('corrAns', 'left')])
64.2699 	DATA 	Keypress: right
64.2771 	EXP 	fixation: autoDraw = False
64.2771 	EXP 	cue: autoDraw = False
64.2771 	EXP 	target: autoDraw = False
64.2771 	EXP 	cue: pos = array([-0.5,  0. ])
64.2771 	EXP 	target: pos = array([-0.5,  0. ])
64.2771 	EXP 	fixation: autoDraw = True
64.7625 	EXP 	cue: autoDraw = True
64.9608 	EXP 	cue: autoDraw = False
64.9608 	EXP 	target: autoDraw = True
65.2818 	EXP 	New trial (rep=4, index=7): OrderedDict([('target_pos', 0.5), ('cue_pos', 0.5), ('corrAns', 'right ')])
65.2855 	DATA 	Keypress: left
65.2941 	EXP 	fixation: autoDraw = False
65.2941 	EXP 	cue: autoDraw = False
65.2941 	EXP 	target: autoDraw = False
65.2941 	EXP 	cue: pos = array([0.5, 0. ])
65.2941 	EXP 	target: pos = array([0.5, 0. ])
65.2941 	EXP 	fixation: autoDraw = True
65.7787 	EXP 	cue: autoDraw = True
65.9779 	EXP 	target: autoDraw = True
65.9958 	EXP 	cue: autoDraw = False
66.3306 	EXP 	New trial (rep=4, index=8): OrderedDict([('target_pos', -0.5), ('cue_pos', -0.5), ('corrAns', 'left ')])
66.3340 	DATA 	Keypress: right
66.3442 	EXP 	fixation: autoDraw = False
66.3442 	EXP 	cue: autoDraw = False
66.3442 	EXP 	target: autoDraw = False
66.3442 	EXP 	cue: pos = array([-0.5,  0. ])
66.3442 	EXP 	target: pos = array([-0.5,  0. ])
66.3442 	EXP 	fixation: autoDraw = True
66.8283 	EXP 	cue: autoDraw = True
67.0278 	EXP 	cue: autoDraw = False
67.0278 	EXP 	target: autoDraw = True
67.3306 	EXP 	New trial (rep=4, index=9): OrderedDict([('target_pos', -0.5), ('cue_pos', 0.5), ('corrAns', 'left ')])
67.3339 	DATA 	Keypress: left
67.3447 	EXP 	fixation: autoDraw = False
67.3447 	EXP 	cue: autoDraw = False
67.3447 	EXP 	target: autoDraw = False
67.3447 	EXP 	cue: pos = array([0.5, 0. ])
67.3447 	EXP 	target: pos = array([-0.5,  0. ])
67.3447 	EXP 	fixation: autoDraw = True
67.8282 	EXP 	cue: autoDraw = True
68.0285 	EXP 	cue: autoDraw = False
68.0285 	EXP 	target: autoDraw = True
68.5568 	INFO 	saved data to /Users/jeevasm/Desktop/posnerfirst/data/001_Posner_Cueing_Task_2021_Apr_09_1024trials.csv
68.5604 	DATA 	Keypress: left
68.5787 	EXP 	fixation: autoDraw = False
68.5787 	EXP 	cue: autoDraw = False
68.5787 	EXP 	target: autoDraw = False
68.5787 	EXP 	ending: autoDraw = True
70.5660 	DATA 	Keypress: escape
70.9987 	EXP 	window1: mouseVisible = True
70.9989 	DEBUG 	Saving data for Posner_Cueing_Task ExperimentHandler
71.0013 	INFO 	saved data to /Users/jeevasm/Desktop/posnerfirst/data/001_Posner_Cueing_Task_2021_Apr_09_1024.psydat
71.0210 	INFO 	saved data to '/Users/jeevasm/Desktop/posnerfirst/data/001_Posner_Cueing_Task_2021_Apr_09_1024.csv'
