0.9122 	WARNING 	We strongly recommend you activate the PTB sound engine in PsychoPy prefs as the preferred audio engine. Its timing is vastly superior. Your prefs are currently set to use ['sounddevice', 'PTB', 'pyo', 'pygame'] (in that order).
11.7895 	INFO 	Loaded monitor calibration from ['2021_02_17 06:40']
12.5684 	EXP 	Created window1 = Window(allowGUI=False, allowStencil=False, args=UNKNOWN, autoLog=True, bitsMode=UNKNOWN, blendMode='avg', bpc=(8, 8, 8), color=array([0., 0., 0.]), colorSpace='rgb', depthBits=8, fullscr=<method-wrapper '__getattribute__' of attributeSetter object at 0x121dcaa58>, gamma=None, gammaErrorPolicy='raise', kwargs=UNKNOWN, lms=UNKNOWN, monitor=<psychopy.monitors.calibTools.Monitor object at 0x121daf278>, multiSample=False, name='window1', numSamples=2, pos=[0.0, 0.0], screen=0, size=array([1440,  900]), stencilBits=0, stereo=False, units='height', useFBO=True, useRetina=False, viewOri=0.0, viewPos=None, viewScale=None, waitBlanking=True, winType='pyglet')
12.5689 	EXP 	window1: mouseVisible = True
12.5690 	EXP 	window1: recordFrameIntervals = False
12.7333 	EXP 	window1: recordFrameIntervals = True
12.9182 	DEBUG 	Screen (0) actual frame rate measured at 59.84
12.9183 	EXP 	window1: recordFrameIntervals = False
13.4098 	EXP 	Created intro = TextStim(__class__=<class 'psychopy.visual.text.TextStim'>, alignHoriz=method-wrapper(...), alignText='center', alignVert=method-wrapper(...), anchorHoriz='center', anchorVert='center', antialias=True, autoLog=True, bold=False, color='white', colorSpace='named', contrast=1.0, depth=0.0, flipHoriz=False, flipVert=False, font='Arial', fontFiles=[], height=0.1, italic=False, languageStyle='LTR', name='intro', opacity=1.0, ori=0, pos=array([0., 0.]), rgb=array([255., 255., 255.]), text='Hi! Welcome to the experiment. ', units='height', win=Window(...), wrapWidth=1)
13.4593 	EXP 	Created instruction = TextStim(__class__=<class 'psychopy.visual.text.TextStim'>, alignHoriz=method-wrapper(...), alignText='center', alignVert=method-wrapper(...), anchorHoriz='center', anchorVert='center', antialias=True, autoLog=True, bold=False, color='white', colorSpace='named', contrast=1.0, depth=-1.0, flipHoriz=False, flipVert=False, font='Arial', fontFiles=[], height=0.05, italic=False, languageStyle='LTR', name='instruction', opacity=1.0, ori=0, pos=array([0., 0.]), rgb=array([255., 255., 255.]), text=str(...), units='height', win=Window(...), wrapWidth=1)
13.7873 	EXP 	Created fixation = ShapeStim(__class__=<class 'psychopy.visual.shape.ShapeStim'>, autoDraw=False, autoLog=True, closeShape=True, contrast=1.0, depth=0.0, fillColor='white', fillColorSpace='named', interpolate=True, lineColor='black', lineColorSpace='named', lineWidth=1, name='fixation', opacity=1.0, ori=array(0.), pos=array([0., 0.]), size=array([0.05, 0.05]), units='height', vertices=ndarray(...), win=Window(...), windingRule=None)
13.7888 	EXP 	Created cue = Rect(__class__=<class 'psychopy.visual.rect.Rect'>, autoDraw=False, autoLog=True, closeShape=True, color=method-wrapper(...), colorSpace=None, contrast=1.0, depth=-1.0, fillColor='green', fillColorSpace='named', fillRGB=array([  0., 128.,   0.]), interpolate=True, lineColor='green', lineColorSpace='named', lineRGB=array([  0., 128.,   0.]), lineWidth=1, name='cue', opacity=1.0, ori=array(0.), pos=array([0., 0.]), size=array([0.1, 0.1]), units='height', vertices=ndarray(...), win=Window(...))
13.7903 	EXP 	Created target = ShapeStim(__class__=<class 'psychopy.visual.shape.ShapeStim'>, autoDraw=False, autoLog=True, closeShape=True, contrast=1.0, depth=-2.0, fillColor='green', fillColorSpace='named', interpolate=True, lineColor='green', lineColorSpace='named', lineWidth=1, name='target', opacity=1.0, ori=array(0.), pos=array([0., 0.]), size=array([0.3, 0.3]), units='height', vertices=ndarray(...), win=Window(...), windingRule=None)
14.1339 	EXP 	Created ending = TextStim(__class__=<class 'psychopy.visual.text.TextStim'>, alignHoriz=method-wrapper(...), alignText='center', alignVert=method-wrapper(...), anchorHoriz='center', anchorVert='center', antialias=True, autoLog=True, bold=False, color='white', colorSpace='named', contrast=1.0, depth=0.0, flipHoriz=False, flipVert=False, font='Arial', fontFiles=[], height=0.1, italic=False, languageStyle='LTR', name='ending', opacity=1.0, ori=0, pos=array([0., 0.]), rgb=array([255., 255., 255.]), text=str(...), units='height', win=Window(...), wrapWidth=1)
14.1507 	EXP 	intro: autoDraw = True
16.1179 	EXP 	instruction: autoDraw = True
16.1504 	EXP 	intro: autoDraw = False
20.2651 	DEBUG 	Read Excel file with pandas: conditions1.xlsx
20.2691 	DEBUG 	Clearing unnamed columns from conditions1.xlsx
20.2702 	EXP 	Imported conditions1.xlsx as conditions, 10 conditions, 3 params
20.2708 	EXP 	Created sequence: random, trialTypes=10, nReps=5, seed=None
20.2713 	EXP 	New trial (rep=0, index=0): OrderedDict([('target_pos', 0.5), ('cue_pos', 0.5), ('corrAns', 'right ')])
20.2809 	DATA 	Keypress: space
20.3023 	EXP 	intro: autoDraw = False
20.3023 	EXP 	instruction: autoDraw = False
20.3023 	EXP 	cue: pos = array([0.5, 0. ])
20.3023 	EXP 	target: pos = array([0.5, 0. ])
20.3023 	EXP 	fixation: autoDraw = True
20.7674 	EXP 	cue: autoDraw = True
20.9682 	EXP 	cue: autoDraw = False
20.9682 	EXP 	target: autoDraw = True
21.2882 	EXP 	New trial (rep=0, index=1): OrderedDict([('target_pos', -0.5), ('cue_pos', 0.5), ('corrAns', 'left ')])
21.2925 	DATA 	Keypress: right
21.3018 	EXP 	fixation: autoDraw = False
21.3018 	EXP 	cue: autoDraw = False
21.3018 	EXP 	target: autoDraw = False
21.3018 	EXP 	cue: pos = array([0.5, 0. ])
21.3018 	EXP 	target: pos = array([-0.5,  0. ])
21.3018 	EXP 	fixation: autoDraw = True
21.7857 	EXP 	cue: autoDraw = True
21.9855 	EXP 	cue: autoDraw = False
21.9855 	EXP 	target: autoDraw = True
22.3869 	EXP 	New trial (rep=0, index=2): OrderedDict([('target_pos', 0.5), ('cue_pos', -0.5), ('corrAns', 'right ')])
22.3898 	DATA 	Keypress: left
22.4019 	EXP 	fixation: autoDraw = False
22.4019 	EXP 	cue: autoDraw = False
22.4019 	EXP 	target: autoDraw = False
22.4019 	EXP 	cue: pos = array([-0.5,  0. ])
22.4019 	EXP 	target: pos = array([0.5, 0. ])
22.4019 	EXP 	fixation: autoDraw = True
22.8853 	EXP 	cue: autoDraw = True
23.0846 	EXP 	cue: autoDraw = False
23.0846 	EXP 	target: autoDraw = True
23.4535 	EXP 	New trial (rep=0, index=3): OrderedDict([('target_pos', -0.5), ('cue_pos', -0.5), ('corrAns', 'left ')])
23.4565 	DATA 	Keypress: right
23.4689 	EXP 	fixation: autoDraw = False
23.4689 	EXP 	cue: autoDraw = False
23.4689 	EXP 	target: autoDraw = False
23.4689 	EXP 	cue: pos = array([-0.5,  0. ])
23.4689 	EXP 	target: pos = array([-0.5,  0. ])
23.4689 	EXP 	fixation: autoDraw = True
23.9525 	EXP 	cue: autoDraw = True
24.1511 	EXP 	target: autoDraw = True
24.1691 	EXP 	cue: autoDraw = False
24.4882 	EXP 	New trial (rep=0, index=4): OrderedDict([('target_pos', -0.5), ('cue_pos', -0.5), ('corrAns', 'left')])
24.4915 	DATA 	Keypress: left
24.5021 	EXP 	fixation: autoDraw = False
24.5021 	EXP 	cue: autoDraw = False
24.5021 	EXP 	target: autoDraw = False
24.5021 	EXP 	cue: pos = array([-0.5,  0. ])
24.5021 	EXP 	target: pos = array([-0.5,  0. ])
24.5021 	EXP 	fixation: autoDraw = True
24.9848 	EXP 	cue: autoDraw = True
25.1851 	EXP 	cue: autoDraw = False
25.1851 	EXP 	target: autoDraw = True
25.5034 	EXP 	New trial (rep=0, index=5): OrderedDict([('target_pos', 0.5), ('cue_pos', 0.5), ('corrAns', 'right ')])
25.5066 	DATA 	Keypress: left
25.5189 	EXP 	fixation: autoDraw = False
25.5189 	EXP 	cue: autoDraw = False
25.5189 	EXP 	target: autoDraw = False
25.5189 	EXP 	cue: pos = array([0.5, 0. ])
25.5189 	EXP 	target: pos = array([0.5, 0. ])
25.5189 	EXP 	fixation: autoDraw = True
26.0023 	EXP 	cue: autoDraw = True
26.2017 	EXP 	cue: autoDraw = False
26.2017 	EXP 	target: autoDraw = True
26.5215 	EXP 	New trial (rep=0, index=6): OrderedDict([('target_pos', -0.5), ('cue_pos', -0.5), ('corrAns', 'left')])
26.5246 	DATA 	Keypress: right
26.5351 	EXP 	fixation: autoDraw = False
26.5351 	EXP 	cue: autoDraw = False
26.5351 	EXP 	target: autoDraw = False
26.5351 	EXP 	cue: pos = array([-0.5,  0. ])
26.5351 	EXP 	target: pos = array([-0.5,  0. ])
26.5351 	EXP 	fixation: autoDraw = True
27.0186 	EXP 	cue: autoDraw = True
27.2196 	EXP 	cue: autoDraw = False
27.2196 	EXP 	target: autoDraw = True
27.5390 	DATA 	Keypress: left
27.5542 	EXP 	New trial (rep=0, index=7): OrderedDict([('target_pos', -0.5), ('cue_pos', 0.5), ('corrAns', 'left')])
27.5687 	EXP 	fixation: autoDraw = False
27.5687 	EXP 	cue: autoDraw = False
27.5687 	EXP 	target: autoDraw = False
27.5687 	EXP 	cue: pos = array([0.5, 0. ])
27.5687 	EXP 	target: pos = array([-0.5,  0. ])
27.5687 	EXP 	fixation: autoDraw = True
28.0520 	EXP 	cue: autoDraw = True
28.2526 	EXP 	cue: autoDraw = False
28.2526 	EXP 	target: autoDraw = True
28.6052 	EXP 	New trial (rep=0, index=8): OrderedDict([('target_pos', 0.5), ('cue_pos', -0.5), ('corrAns', 'right ')])
28.6086 	DATA 	Keypress: left
28.6185 	EXP 	fixation: autoDraw = False
28.6185 	EXP 	cue: autoDraw = False
28.6185 	EXP 	target: autoDraw = False
28.6185 	EXP 	cue: pos = array([-0.5,  0. ])
28.6185 	EXP 	target: pos = array([0.5, 0. ])
28.6185 	EXP 	fixation: autoDraw = True
29.1028 	EXP 	cue: autoDraw = True
29.3024 	EXP 	cue: autoDraw = False
29.3024 	EXP 	target: autoDraw = True
29.7907 	EXP 	New trial (rep=0, index=9): OrderedDict([('target_pos', -0.5), ('cue_pos', -0.5), ('corrAns', 'left ')])
29.7944 	DATA 	Keypress: right
29.8023 	EXP 	fixation: autoDraw = False
29.8023 	EXP 	cue: autoDraw = False
29.8023 	EXP 	target: autoDraw = False
29.8023 	EXP 	cue: pos = array([-0.5,  0. ])
29.8023 	EXP 	target: pos = array([-0.5,  0. ])
29.8023 	EXP 	fixation: autoDraw = True
30.2857 	EXP 	cue: autoDraw = True
30.4852 	EXP 	cue: autoDraw = False
30.4852 	EXP 	target: autoDraw = True
30.8039 	EXP 	New trial (rep=1, index=0): OrderedDict([('target_pos', 0.5), ('cue_pos', -0.5), ('corrAns', 'right ')])
30.8076 	DATA 	Keypress: left
30.8188 	EXP 	fixation: autoDraw = False
30.8188 	EXP 	cue: autoDraw = False
30.8188 	EXP 	target: autoDraw = False
30.8188 	EXP 	cue: pos = array([-0.5,  0. ])
30.8188 	EXP 	target: pos = array([0.5, 0. ])
30.8188 	EXP 	fixation: autoDraw = True
31.3026 	EXP 	cue: autoDraw = True
31.5020 	EXP 	cue: autoDraw = False
31.5020 	EXP 	target: autoDraw = True
31.9712 	EXP 	New trial (rep=1, index=1): OrderedDict([('target_pos', -0.5), ('cue_pos', -0.5), ('corrAns', 'left ')])
31.9743 	DATA 	Keypress: right
31.9858 	EXP 	fixation: autoDraw = False
31.9858 	EXP 	cue: autoDraw = False
31.9858 	EXP 	target: autoDraw = False
31.9858 	EXP 	cue: pos = array([-0.5,  0. ])
31.9858 	EXP 	target: pos = array([-0.5,  0. ])
31.9858 	EXP 	fixation: autoDraw = True
32.4696 	EXP 	cue: autoDraw = True
32.6690 	EXP 	cue: autoDraw = False
32.6690 	EXP 	target: autoDraw = True
33.0906 	EXP 	New trial (rep=1, index=2): OrderedDict([('target_pos', -0.5), ('cue_pos', 0.5), ('corrAns', 'left')])
33.0945 	DATA 	Keypress: left
33.1021 	EXP 	fixation: autoDraw = False
33.1021 	EXP 	cue: autoDraw = False
33.1021 	EXP 	target: autoDraw = False
33.1021 	EXP 	cue: pos = array([0.5, 0. ])
33.1021 	EXP 	target: pos = array([-0.5,  0. ])
33.1021 	EXP 	fixation: autoDraw = True
33.5866 	EXP 	cue: autoDraw = True
33.7865 	EXP 	cue: autoDraw = False
33.7865 	EXP 	target: autoDraw = True
34.2062 	EXP 	New trial (rep=1, index=3): OrderedDict([('target_pos', -0.5), ('cue_pos', -0.5), ('corrAns', 'left ')])
34.2094 	DATA 	Keypress: left
34.2194 	EXP 	fixation: autoDraw = False
34.2194 	EXP 	cue: autoDraw = False
34.2194 	EXP 	target: autoDraw = False
34.2194 	EXP 	cue: pos = array([-0.5,  0. ])
34.2194 	EXP 	target: pos = array([-0.5,  0. ])
34.2194 	EXP 	fixation: autoDraw = True
34.7030 	EXP 	cue: autoDraw = True
34.9024 	EXP 	cue: autoDraw = False
34.9024 	EXP 	target: autoDraw = True
35.2231 	DATA 	Keypress: left
35.2387 	EXP 	New trial (rep=1, index=4): OrderedDict([('target_pos', -0.5), ('cue_pos', 0.5), ('corrAns', 'left ')])
35.2521 	EXP 	fixation: autoDraw = False
35.2521 	EXP 	cue: autoDraw = False
35.2521 	EXP 	target: autoDraw = False
35.2521 	EXP 	cue: pos = array([0.5, 0. ])
35.2521 	EXP 	target: pos = array([-0.5,  0. ])
35.2521 	EXP 	fixation: autoDraw = True
35.7367 	EXP 	cue: autoDraw = True
35.9364 	EXP 	cue: autoDraw = False
35.9364 	EXP 	target: autoDraw = True
36.2709 	EXP 	New trial (rep=1, index=5): OrderedDict([('target_pos', -0.5), ('cue_pos', -0.5), ('corrAns', 'left')])
36.2744 	DATA 	Keypress: left
36.2857 	EXP 	fixation: autoDraw = False
36.2857 	EXP 	cue: autoDraw = False
36.2857 	EXP 	target: autoDraw = False
36.2857 	EXP 	cue: pos = array([-0.5,  0. ])
36.2857 	EXP 	target: pos = array([-0.5,  0. ])
36.2857 	EXP 	fixation: autoDraw = True
36.7703 	EXP 	cue: autoDraw = True
36.9687 	EXP 	cue: autoDraw = False
36.9687 	EXP 	target: autoDraw = True
37.3231 	EXP 	New trial (rep=1, index=6): OrderedDict([('target_pos', 0.5), ('cue_pos', 0.5), ('corrAns', 'right ')])
37.3274 	DATA 	Keypress: left
37.3359 	EXP 	fixation: autoDraw = False
37.3359 	EXP 	cue: autoDraw = False
37.3359 	EXP 	target: autoDraw = False
37.3359 	EXP 	cue: pos = array([0.5, 0. ])
37.3359 	EXP 	target: pos = array([0.5, 0. ])
37.3359 	EXP 	fixation: autoDraw = True
37.8202 	EXP 	cue: autoDraw = True
38.0195 	EXP 	cue: autoDraw = False
38.0195 	EXP 	target: autoDraw = True
38.3713 	EXP 	New trial (rep=1, index=7): OrderedDict([('target_pos', -0.5), ('cue_pos', -0.5), ('corrAns', 'left')])
38.3746 	DATA 	Keypress: right
38.3863 	EXP 	fixation: autoDraw = False
38.3863 	EXP 	cue: autoDraw = False
38.3863 	EXP 	target: autoDraw = False
38.3863 	EXP 	cue: pos = array([-0.5,  0. ])
38.3863 	EXP 	target: pos = array([-0.5,  0. ])
38.3863 	EXP 	fixation: autoDraw = True
38.8695 	EXP 	cue: autoDraw = True
39.0699 	EXP 	cue: autoDraw = False
39.0699 	EXP 	target: autoDraw = True
39.4047 	EXP 	New trial (rep=1, index=8): OrderedDict([('target_pos', 0.5), ('cue_pos', 0.5), ('corrAns', 'right ')])
39.4081 	DATA 	Keypress: left
39.4197 	EXP 	fixation: autoDraw = False
39.4197 	EXP 	cue: autoDraw = False
39.4197 	EXP 	target: autoDraw = False
39.4197 	EXP 	cue: pos = array([0.5, 0. ])
39.4197 	EXP 	target: pos = array([0.5, 0. ])
39.4197 	EXP 	fixation: autoDraw = True
39.9033 	EXP 	cue: autoDraw = True
40.1032 	EXP 	cue: autoDraw = False
40.1032 	EXP 	target: autoDraw = True
40.4555 	EXP 	New trial (rep=1, index=9): OrderedDict([('target_pos', 0.5), ('cue_pos', -0.5), ('corrAns', 'right ')])
40.4587 	DATA 	Keypress: right
40.4695 	EXP 	fixation: autoDraw = False
40.4695 	EXP 	cue: autoDraw = False
40.4695 	EXP 	target: autoDraw = False
40.4695 	EXP 	cue: pos = array([-0.5,  0. ])
40.4695 	EXP 	target: pos = array([0.5, 0. ])
40.4695 	EXP 	fixation: autoDraw = True
40.9527 	EXP 	cue: autoDraw = True
41.1536 	EXP 	cue: autoDraw = False
41.1536 	EXP 	target: autoDraw = True
41.5727 	EXP 	New trial (rep=2, index=0): OrderedDict([('target_pos', -0.5), ('cue_pos', 0.5), ('corrAns', 'left')])
41.5769 	DATA 	Keypress: right
41.5858 	EXP 	fixation: autoDraw = False
41.5858 	EXP 	cue: autoDraw = False
41.5858 	EXP 	target: autoDraw = False
41.5858 	EXP 	cue: pos = array([0.5, 0. ])
41.5858 	EXP 	target: pos = array([-0.5,  0. ])
41.5858 	EXP 	fixation: autoDraw = True
42.0702 	EXP 	cue: autoDraw = True
42.2713 	EXP 	cue: autoDraw = False
42.2713 	EXP 	target: autoDraw = True
42.5929 	DATA 	Keypress: left
42.6069 	EXP 	New trial (rep=2, index=1): OrderedDict([('target_pos', -0.5), ('cue_pos', -0.5), ('corrAns', 'left')])
42.6193 	EXP 	fixation: autoDraw = False
42.6193 	EXP 	cue: autoDraw = False
42.6193 	EXP 	target: autoDraw = False
42.6193 	EXP 	cue: pos = array([-0.5,  0. ])
42.6193 	EXP 	target: pos = array([-0.5,  0. ])
42.6193 	EXP 	fixation: autoDraw = True
43.1033 	EXP 	cue: autoDraw = True
43.3027 	EXP 	cue: autoDraw = False
43.3027 	EXP 	target: autoDraw = True
43.6058 	EXP 	New trial (rep=2, index=2): OrderedDict([('target_pos', 0.5), ('cue_pos', -0.5), ('corrAns', 'right ')])
43.6092 	DATA 	Keypress: left
43.6196 	EXP 	fixation: autoDraw = False
43.6196 	EXP 	cue: autoDraw = False
43.6196 	EXP 	target: autoDraw = False
43.6196 	EXP 	cue: pos = array([-0.5,  0. ])
43.6196 	EXP 	target: pos = array([0.5, 0. ])
43.6196 	EXP 	fixation: autoDraw = True
44.1037 	EXP 	cue: autoDraw = True
44.3039 	EXP 	cue: autoDraw = False
44.3039 	EXP 	target: autoDraw = True
44.7060 	EXP 	New trial (rep=2, index=3): OrderedDict([('target_pos', -0.5), ('cue_pos', -0.5), ('corrAns', 'left')])
44.7090 	DATA 	Keypress: right
44.7199 	EXP 	fixation: autoDraw = False
44.7199 	EXP 	cue: autoDraw = False
44.7199 	EXP 	target: autoDraw = False
44.7199 	EXP 	cue: pos = array([-0.5,  0. ])
44.7199 	EXP 	target: pos = array([-0.5,  0. ])
44.7199 	EXP 	fixation: autoDraw = True
45.2038 	EXP 	cue: autoDraw = True
45.4036 	EXP 	cue: autoDraw = False
45.4036 	EXP 	target: autoDraw = True
45.7056 	EXP 	New trial (rep=2, index=4): OrderedDict([('target_pos', 0.5), ('cue_pos', -0.5), ('corrAns', 'right ')])
45.7089 	DATA 	Keypress: left
45.7201 	EXP 	fixation: autoDraw = False
45.7201 	EXP 	cue: autoDraw = False
45.7201 	EXP 	target: autoDraw = False
45.7201 	EXP 	cue: pos = array([-0.5,  0. ])
45.7201 	EXP 	target: pos = array([0.5, 0. ])
45.7201 	EXP 	fixation: autoDraw = True
46.2041 	EXP 	cue: autoDraw = True
46.4038 	EXP 	cue: autoDraw = False
46.4038 	EXP 	target: autoDraw = True
46.7725 	EXP 	New trial (rep=2, index=5): OrderedDict([('target_pos', -0.5), ('cue_pos', -0.5), ('corrAns', 'left ')])
46.7758 	DATA 	Keypress: right
46.7869 	EXP 	fixation: autoDraw = False
46.7869 	EXP 	cue: autoDraw = False
46.7869 	EXP 	target: autoDraw = False
46.7869 	EXP 	cue: pos = array([-0.5,  0. ])
46.7869 	EXP 	target: pos = array([-0.5,  0. ])
46.7869 	EXP 	fixation: autoDraw = True
47.2702 	EXP 	cue: autoDraw = True
47.4706 	EXP 	cue: autoDraw = False
47.4706 	EXP 	target: autoDraw = True
47.7888 	EXP 	New trial (rep=2, index=6): OrderedDict([('target_pos', 0.5), ('cue_pos', 0.5), ('corrAns', 'right ')])
47.7933 	DATA 	Keypress: left
47.8028 	EXP 	fixation: autoDraw = False
47.8028 	EXP 	cue: autoDraw = False
47.8028 	EXP 	target: autoDraw = False
47.8028 	EXP 	cue: pos = array([0.5, 0. ])
47.8028 	EXP 	target: pos = array([0.5, 0. ])
47.8028 	EXP 	fixation: autoDraw = True
48.2871 	EXP 	cue: autoDraw = True
48.4868 	EXP 	cue: autoDraw = False
48.4868 	EXP 	target: autoDraw = True
48.8428 	EXP 	New trial (rep=2, index=7): OrderedDict([('target_pos', -0.5), ('cue_pos', 0.5), ('corrAns', 'left ')])
48.8464 	DATA 	Keypress: right
48.8527 	EXP 	fixation: autoDraw = False
48.8527 	EXP 	cue: autoDraw = False
48.8527 	EXP 	target: autoDraw = False
48.8527 	EXP 	cue: pos = array([0.5, 0. ])
48.8527 	EXP 	target: pos = array([-0.5,  0. ])
48.8527 	EXP 	fixation: autoDraw = True
49.3382 	EXP 	cue: autoDraw = True
49.5374 	EXP 	target: autoDraw = True
49.5533 	EXP 	cue: autoDraw = False
49.9060 	EXP 	New trial (rep=2, index=8): OrderedDict([('target_pos', -0.5), ('cue_pos', -0.5), ('corrAns', 'left ')])
49.9097 	DATA 	Keypress: left
49.9205 	EXP 	fixation: autoDraw = False
49.9205 	EXP 	cue: autoDraw = False
49.9205 	EXP 	target: autoDraw = False
49.9205 	EXP 	cue: pos = array([-0.5,  0. ])
49.9205 	EXP 	target: pos = array([-0.5,  0. ])
49.9205 	EXP 	fixation: autoDraw = True
50.4048 	EXP 	cue: autoDraw = True
50.6044 	EXP 	cue: autoDraw = False
50.6044 	EXP 	target: autoDraw = True
50.9221 	EXP 	New trial (rep=2, index=9): OrderedDict([('target_pos', 0.5), ('cue_pos', 0.5), ('corrAns', 'right ')])
50.9254 	DATA 	Keypress: left
50.9367 	EXP 	fixation: autoDraw = False
50.9367 	EXP 	cue: autoDraw = False
50.9367 	EXP 	target: autoDraw = False
50.9367 	EXP 	cue: pos = array([0.5, 0. ])
50.9367 	EXP 	target: pos = array([0.5, 0. ])
50.9367 	EXP 	fixation: autoDraw = True
51.4212 	EXP 	cue: autoDraw = True
51.6203 	EXP 	cue: autoDraw = False
51.6203 	EXP 	target: autoDraw = True
51.9228 	EXP 	New trial (rep=3, index=0): OrderedDict([('target_pos', -0.5), ('cue_pos', -0.5), ('corrAns', 'left ')])
51.9264 	DATA 	Keypress: right
51.9363 	EXP 	fixation: autoDraw = False
51.9363 	EXP 	cue: autoDraw = False
51.9363 	EXP 	target: autoDraw = False
51.9363 	EXP 	cue: pos = array([-0.5,  0. ])
51.9363 	EXP 	target: pos = array([-0.5,  0. ])
51.9363 	EXP 	fixation: autoDraw = True
52.4206 	EXP 	cue: autoDraw = True
52.6207 	EXP 	cue: autoDraw = False
52.6207 	EXP 	target: autoDraw = True
52.9064 	EXP 	New trial (rep=3, index=1): OrderedDict([('target_pos', -0.5), ('cue_pos', -0.5), ('corrAns', 'left ')])
52.9100 	DATA 	Keypress: left
52.9206 	EXP 	fixation: autoDraw = False
52.9206 	EXP 	cue: autoDraw = False
52.9206 	EXP 	target: autoDraw = False
52.9206 	EXP 	cue: pos = array([-0.5,  0. ])
52.9206 	EXP 	target: pos = array([-0.5,  0. ])
52.9206 	EXP 	fixation: autoDraw = True
53.4041 	EXP 	cue: autoDraw = True
53.6040 	EXP 	cue: autoDraw = False
53.6040 	EXP 	target: autoDraw = True
53.9221 	EXP 	New trial (rep=3, index=2): OrderedDict([('target_pos', 0.5), ('cue_pos', -0.5), ('corrAns', 'right ')])
53.9254 	DATA 	Keypress: left
53.9372 	EXP 	fixation: autoDraw = False
53.9372 	EXP 	cue: autoDraw = False
53.9372 	EXP 	target: autoDraw = False
53.9372 	EXP 	cue: pos = array([-0.5,  0. ])
53.9372 	EXP 	target: pos = array([0.5, 0. ])
53.9372 	EXP 	fixation: autoDraw = True
54.4212 	EXP 	cue: autoDraw = True
54.6218 	EXP 	cue: autoDraw = False
54.6218 	EXP 	target: autoDraw = True
54.9586 	EXP 	New trial (rep=3, index=3): OrderedDict([('target_pos', -0.5), ('cue_pos', 0.5), ('corrAns', 'left ')])
54.9615 	DATA 	Keypress: right
54.9704 	EXP 	fixation: autoDraw = False
54.9704 	EXP 	cue: autoDraw = False
54.9704 	EXP 	target: autoDraw = False
54.9704 	EXP 	cue: pos = array([0.5, 0. ])
54.9704 	EXP 	target: pos = array([-0.5,  0. ])
54.9704 	EXP 	fixation: autoDraw = True
55.4547 	EXP 	cue: autoDraw = True
55.6546 	EXP 	cue: autoDraw = False
55.6546 	EXP 	target: autoDraw = True
55.9907 	EXP 	New trial (rep=3, index=4): OrderedDict([('target_pos', 0.5), ('cue_pos', 0.5), ('corrAns', 'right ')])
55.9938 	DATA 	Keypress: left
56.0040 	EXP 	fixation: autoDraw = False
56.0040 	EXP 	cue: autoDraw = False
56.0040 	EXP 	target: autoDraw = False
56.0040 	EXP 	cue: pos = array([0.5, 0. ])
56.0040 	EXP 	target: pos = array([0.5, 0. ])
56.0040 	EXP 	fixation: autoDraw = True
56.4884 	EXP 	cue: autoDraw = True
56.6876 	EXP 	cue: autoDraw = False
56.6876 	EXP 	target: autoDraw = True
57.0391 	EXP 	New trial (rep=3, index=5): OrderedDict([('target_pos', -0.5), ('cue_pos', -0.5), ('corrAns', 'left')])
57.0422 	DATA 	Keypress: right
57.0538 	EXP 	fixation: autoDraw = False
57.0538 	EXP 	cue: autoDraw = False
57.0538 	EXP 	target: autoDraw = False
57.0538 	EXP 	cue: pos = array([-0.5,  0. ])
57.0538 	EXP 	target: pos = array([-0.5,  0. ])
57.0538 	EXP 	fixation: autoDraw = True
57.5373 	EXP 	cue: autoDraw = True
57.7379 	EXP 	cue: autoDraw = False
57.7379 	EXP 	target: autoDraw = True
58.0238 	EXP 	New trial (rep=3, index=6): OrderedDict([('target_pos', -0.5), ('cue_pos', -0.5), ('corrAns', 'left')])
58.0275 	DATA 	Keypress: left
58.0371 	EXP 	fixation: autoDraw = False
58.0371 	EXP 	cue: autoDraw = False
58.0371 	EXP 	target: autoDraw = False
58.0371 	EXP 	cue: pos = array([-0.5,  0. ])
58.0371 	EXP 	target: pos = array([-0.5,  0. ])
58.0371 	EXP 	fixation: autoDraw = True
58.5208 	EXP 	cue: autoDraw = True
58.7213 	EXP 	cue: autoDraw = False
58.7213 	EXP 	target: autoDraw = True
59.0402 	EXP 	New trial (rep=3, index=7): OrderedDict([('target_pos', 0.5), ('cue_pos', -0.5), ('corrAns', 'right ')])
59.0435 	DATA 	Keypress: left
59.0543 	EXP 	fixation: autoDraw = False
59.0543 	EXP 	cue: autoDraw = False
59.0543 	EXP 	target: autoDraw = False
59.0543 	EXP 	cue: pos = array([-0.5,  0. ])
59.0543 	EXP 	target: pos = array([0.5, 0. ])
59.0543 	EXP 	fixation: autoDraw = True
59.5378 	EXP 	cue: autoDraw = True
59.7378 	EXP 	cue: autoDraw = False
59.7378 	EXP 	target: autoDraw = True
60.1092 	DATA 	Keypress: right
60.1232 	EXP 	New trial (rep=3, index=8): OrderedDict([('target_pos', 0.5), ('cue_pos', 0.5), ('corrAns', 'right ')])
60.1369 	EXP 	fixation: autoDraw = False
60.1369 	EXP 	cue: autoDraw = False
60.1369 	EXP 	target: autoDraw = False
60.1369 	EXP 	cue: pos = array([0.5, 0. ])
60.1369 	EXP 	target: pos = array([0.5, 0. ])
60.1369 	EXP 	fixation: autoDraw = True
60.6217 	EXP 	cue: autoDraw = True
60.8220 	EXP 	cue: autoDraw = False
60.8220 	EXP 	target: autoDraw = True
61.1890 	EXP 	New trial (rep=3, index=9): OrderedDict([('target_pos', -0.5), ('cue_pos', 0.5), ('corrAns', 'left')])
61.1920 	DATA 	Keypress: right
61.2036 	EXP 	fixation: autoDraw = False
61.2036 	EXP 	cue: autoDraw = False
61.2036 	EXP 	target: autoDraw = False
61.2036 	EXP 	cue: pos = array([0.5, 0. ])
61.2036 	EXP 	target: pos = array([-0.5,  0. ])
61.2036 	EXP 	fixation: autoDraw = True
61.6879 	EXP 	cue: autoDraw = True
61.8888 	EXP 	cue: autoDraw = False
61.8888 	EXP 	target: autoDraw = True
62.2590 	EXP 	New trial (rep=4, index=0): OrderedDict([('target_pos', 0.5), ('cue_pos', -0.5), ('corrAns', 'right ')])
62.2646 	DATA 	Keypress: left
62.2717 	EXP 	fixation: autoDraw = False
62.2717 	EXP 	cue: autoDraw = False
62.2717 	EXP 	target: autoDraw = False
62.2717 	EXP 	cue: pos = array([-0.5,  0. ])
62.2717 	EXP 	target: pos = array([0.5, 0. ])
62.2717 	EXP 	fixation: autoDraw = True
62.7552 	EXP 	cue: autoDraw = True
62.9545 	EXP 	cue: autoDraw = False
62.9545 	EXP 	target: autoDraw = True
63.4068 	EXP 	New trial (rep=4, index=1): OrderedDict([('target_pos', -0.5), ('cue_pos', -0.5), ('corrAns', 'left')])
63.4101 	DATA 	Keypress: right
63.4209 	EXP 	fixation: autoDraw = False
63.4209 	EXP 	cue: autoDraw = False
63.4209 	EXP 	target: autoDraw = False
63.4209 	EXP 	cue: pos = array([-0.5,  0. ])
63.4209 	EXP 	target: pos = array([-0.5,  0. ])
63.4209 	EXP 	fixation: autoDraw = True
63.9050 	EXP 	cue: autoDraw = True
64.1052 	EXP 	cue: autoDraw = False
64.1052 	EXP 	target: autoDraw = True
64.4233 	EXP 	New trial (rep=4, index=2): OrderedDict([('target_pos', -0.5), ('cue_pos', -0.5), ('corrAns', 'left ')])
64.4266 	DATA 	Keypress: left
64.4379 	EXP 	fixation: autoDraw = False
64.4379 	EXP 	cue: autoDraw = False
64.4379 	EXP 	target: autoDraw = False
64.4379 	EXP 	cue: pos = array([-0.5,  0. ])
64.4379 	EXP 	target: pos = array([-0.5,  0. ])
64.4379 	EXP 	fixation: autoDraw = True
64.9221 	EXP 	cue: autoDraw = True
65.1211 	EXP 	cue: autoDraw = False
65.1211 	EXP 	target: autoDraw = True
65.4558 	EXP 	New trial (rep=4, index=3): OrderedDict([('target_pos', 0.5), ('cue_pos', 0.5), ('corrAns', 'right ')])
65.4587 	DATA 	Keypress: left
65.4708 	EXP 	fixation: autoDraw = False
65.4708 	EXP 	cue: autoDraw = False
65.4708 	EXP 	target: autoDraw = False
65.4708 	EXP 	cue: pos = array([0.5, 0. ])
65.4708 	EXP 	target: pos = array([0.5, 0. ])
65.4708 	EXP 	fixation: autoDraw = True
65.9556 	EXP 	cue: autoDraw = True
66.1545 	EXP 	target: autoDraw = True
66.1724 	EXP 	cue: autoDraw = False
66.5070 	EXP 	New trial (rep=4, index=4): OrderedDict([('target_pos', 0.5), ('cue_pos', -0.5), ('corrAns', 'right ')])
66.5102 	DATA 	Keypress: right
66.5209 	EXP 	fixation: autoDraw = False
66.5209 	EXP 	cue: autoDraw = False
66.5209 	EXP 	target: autoDraw = False
66.5209 	EXP 	cue: pos = array([-0.5,  0. ])
66.5209 	EXP 	target: pos = array([0.5, 0. ])
66.5209 	EXP 	fixation: autoDraw = True
67.0046 	EXP 	cue: autoDraw = True
67.2047 	EXP 	cue: autoDraw = False
67.2047 	EXP 	target: autoDraw = True
67.6421 	EXP 	New trial (rep=4, index=5): OrderedDict([('target_pos', -0.5), ('cue_pos', 0.5), ('corrAns', 'left')])
67.6457 	DATA 	Keypress: right
67.6541 	EXP 	fixation: autoDraw = False
67.6541 	EXP 	cue: autoDraw = False
67.6541 	EXP 	target: autoDraw = False
67.6541 	EXP 	cue: pos = array([0.5, 0. ])
67.6541 	EXP 	target: pos = array([-0.5,  0. ])
67.6541 	EXP 	fixation: autoDraw = True
68.1390 	EXP 	cue: autoDraw = True
68.3389 	EXP 	cue: autoDraw = False
68.3389 	EXP 	target: autoDraw = True
68.6901 	EXP 	New trial (rep=4, index=6): OrderedDict([('target_pos', 0.5), ('cue_pos', 0.5), ('corrAns', 'right ')])
68.6930 	DATA 	Keypress: left
68.7057 	EXP 	fixation: autoDraw = False
68.7057 	EXP 	cue: autoDraw = False
68.7057 	EXP 	target: autoDraw = False
68.7057 	EXP 	cue: pos = array([0.5, 0. ])
68.7057 	EXP 	target: pos = array([0.5, 0. ])
68.7057 	EXP 	fixation: autoDraw = True
69.1880 	EXP 	cue: autoDraw = True
69.3891 	EXP 	cue: autoDraw = False
69.3891 	EXP 	target: autoDraw = True
69.7239 	EXP 	New trial (rep=4, index=7): OrderedDict([('target_pos', -0.5), ('cue_pos', -0.5), ('corrAns', 'left')])
69.7273 	DATA 	Keypress: right
69.7389 	EXP 	fixation: autoDraw = False
69.7389 	EXP 	cue: autoDraw = False
69.7389 	EXP 	target: autoDraw = False
69.7389 	EXP 	cue: pos = array([-0.5,  0. ])
69.7389 	EXP 	target: pos = array([-0.5,  0. ])
69.7389 	EXP 	fixation: autoDraw = True
70.2216 	EXP 	cue: autoDraw = True
70.4218 	EXP 	cue: autoDraw = False
70.4218 	EXP 	target: autoDraw = True
70.7400 	EXP 	New trial (rep=4, index=8): OrderedDict([('target_pos', -0.5), ('cue_pos', -0.5), ('corrAns', 'left ')])
70.7429 	DATA 	Keypress: left
70.7555 	EXP 	fixation: autoDraw = False
70.7555 	EXP 	cue: autoDraw = False
70.7555 	EXP 	target: autoDraw = False
70.7555 	EXP 	cue: pos = array([-0.5,  0. ])
70.7555 	EXP 	target: pos = array([-0.5,  0. ])
70.7555 	EXP 	fixation: autoDraw = True
71.2385 	EXP 	cue: autoDraw = True
71.4396 	EXP 	cue: autoDraw = False
71.4396 	EXP 	target: autoDraw = True
71.7904 	EXP 	New trial (rep=4, index=9): OrderedDict([('target_pos', -0.5), ('cue_pos', 0.5), ('corrAns', 'left ')])
71.7939 	DATA 	Keypress: left
71.8049 	EXP 	fixation: autoDraw = False
71.8049 	EXP 	cue: autoDraw = False
71.8049 	EXP 	target: autoDraw = False
71.8049 	EXP 	cue: pos = array([0.5, 0. ])
71.8049 	EXP 	target: pos = array([-0.5,  0. ])
71.8049 	EXP 	fixation: autoDraw = True
72.2895 	EXP 	cue: autoDraw = True
72.4891 	EXP 	target: autoDraw = True
72.5056 	EXP 	cue: autoDraw = False
72.9529 	INFO 	saved data to /Users/jeevasm/Desktop/posnerfirst/data/B_Posner_Cueing_Task_2021_Apr_09_1048trials.csv
72.9563 	DATA 	Keypress: left
72.9718 	EXP 	fixation: autoDraw = False
72.9718 	EXP 	cue: autoDraw = False
72.9718 	EXP 	target: autoDraw = False
72.9718 	EXP 	ending: autoDraw = True
74.9750 	DATA 	Keypress: escape
75.4245 	EXP 	window1: mouseVisible = True
75.4246 	DEBUG 	Saving data for Posner_Cueing_Task ExperimentHandler
75.4269 	INFO 	saved data to /Users/jeevasm/Desktop/posnerfirst/data/B_Posner_Cueing_Task_2021_Apr_09_1048.psydat
75.4363 	INFO 	saved data to '/Users/jeevasm/Desktop/posnerfirst/data/B_Posner_Cueing_Task_2021_Apr_09_1048.csv'
