0.8966 	WARNING 	We strongly recommend you activate the PTB sound engine in PsychoPy prefs as the preferred audio engine. Its timing is vastly superior. Your prefs are currently set to use ['sounddevice', 'PTB', 'pyo', 'pygame'] (in that order).
14.8989 	INFO 	Loaded monitor calibration from ['2021_02_17 06:40']
15.6725 	EXP 	Created window1 = Window(allowGUI=False, allowStencil=False, args=UNKNOWN, autoLog=True, bitsMode=UNKNOWN, blendMode='avg', bpc=(8, 8, 8), color=array([0., 0., 0.]), colorSpace='rgb', depthBits=8, fullscr=<method-wrapper '__getattribute__' of attributeSetter object at 0x120554a58>, gamma=None, gammaErrorPolicy='raise', kwargs=UNKNOWN, lms=UNKNOWN, monitor=<psychopy.monitors.calibTools.Monitor object at 0x120592780>, multiSample=False, name='window1', numSamples=2, pos=[0.0, 0.0], screen=0, size=array([1440,  900]), stencilBits=0, stereo=False, units='height', useFBO=True, useRetina=False, viewOri=0.0, viewPos=None, viewScale=None, waitBlanking=True, winType='pyglet')
15.6728 	EXP 	window1: mouseVisible = True
15.6729 	EXP 	window1: recordFrameIntervals = False
15.8370 	EXP 	window1: recordFrameIntervals = True
16.0214 	DEBUG 	Screen (0) actual frame rate measured at 60.07
16.0215 	EXP 	window1: recordFrameIntervals = False
16.4472 	EXP 	Created intro = TextStim(__class__=<class 'psychopy.visual.text.TextStim'>, alignHoriz=method-wrapper(...), alignText='center', alignVert=method-wrapper(...), anchorHoriz='center', anchorVert='center', antialias=True, autoLog=True, bold=False, color='white', colorSpace='named', contrast=1.0, depth=0.0, flipHoriz=False, flipVert=False, font='Arial', fontFiles=[], height=0.1, italic=False, languageStyle='LTR', name='intro', opacity=1.0, ori=0, pos=array([0., 0.]), rgb=array([255., 255., 255.]), text='Hi! Welcome to the experiment. ', units='height', win=Window(...), wrapWidth=1)
16.4864 	EXP 	Created instruction = TextStim(__class__=<class 'psychopy.visual.text.TextStim'>, alignHoriz=method-wrapper(...), alignText='center', alignVert=method-wrapper(...), anchorHoriz='center', anchorVert='center', antialias=True, autoLog=True, bold=False, color='white', colorSpace='named', contrast=1.0, depth=-1.0, flipHoriz=False, flipVert=False, font='Arial', fontFiles=[], height=0.05, italic=False, languageStyle='LTR', name='instruction', opacity=1.0, ori=0, pos=array([0., 0.]), rgb=array([255., 255., 255.]), text=str(...), units='height', win=Window(...), wrapWidth=1)
16.7736 	EXP 	Created fixation = ShapeStim(__class__=<class 'psychopy.visual.shape.ShapeStim'>, autoDraw=False, autoLog=True, closeShape=True, contrast=1.0, depth=0.0, fillColor='white', fillColorSpace='named', interpolate=True, lineColor='black', lineColorSpace='named', lineWidth=1, name='fixation', opacity=1.0, ori=array(0.), pos=array([0., 0.]), size=array([0.05, 0.05]), units='height', vertices=ndarray(...), win=Window(...), windingRule=None)
16.7750 	EXP 	Created cue = Rect(__class__=<class 'psychopy.visual.rect.Rect'>, autoDraw=False, autoLog=True, closeShape=True, color=method-wrapper(...), colorSpace=None, contrast=1.0, depth=-1.0, fillColor='green', fillColorSpace='named', fillRGB=array([  0., 128.,   0.]), interpolate=True, lineColor='green', lineColorSpace='named', lineRGB=array([  0., 128.,   0.]), lineWidth=1, name='cue', opacity=1.0, ori=array(0.), pos=array([0., 0.]), size=array([0.1, 0.1]), units='height', vertices=ndarray(...), win=Window(...))
16.7766 	EXP 	Created target = ShapeStim(__class__=<class 'psychopy.visual.shape.ShapeStim'>, autoDraw=False, autoLog=True, closeShape=True, contrast=1.0, depth=-2.0, fillColor='green', fillColorSpace='named', interpolate=True, lineColor='green', lineColorSpace='named', lineWidth=1, name='target', opacity=1.0, ori=array(0.), pos=array([0., 0.]), size=array([0.3, 0.3]), units='height', vertices=ndarray(...), win=Window(...), windingRule=None)
17.0791 	EXP 	Created ending = TextStim(__class__=<class 'psychopy.visual.text.TextStim'>, alignHoriz=method-wrapper(...), alignText='center', alignVert=method-wrapper(...), anchorHoriz='center', anchorVert='center', antialias=True, autoLog=True, bold=False, color='white', colorSpace='named', contrast=1.0, depth=0.0, flipHoriz=False, flipVert=False, font='Arial', fontFiles=[], height=0.1, italic=False, languageStyle='LTR', name='ending', opacity=1.0, ori=0, pos=array([0., 0.]), rgb=array([255., 255., 255.]), text=str(...), units='height', win=Window(...), wrapWidth=1)
17.1042 	EXP 	intro: autoDraw = True
19.0717 	EXP 	instruction: autoDraw = True
19.1045 	EXP 	intro: autoDraw = False
33.8365 	DEBUG 	Read Excel file with pandas: conditions1.xlsx
33.8395 	DEBUG 	Clearing unnamed columns from conditions1.xlsx
33.8404 	EXP 	Imported conditions1.xlsx as conditions, 10 conditions, 3 params
33.8409 	EXP 	Created sequence: random, trialTypes=10, nReps=5, seed=None
33.8413 	EXP 	New trial (rep=0, index=0): OrderedDict([('target_pos', -0.5), ('cue_pos', -0.5), ('corrAns', 'left')])
33.8485 	DATA 	Keypress: space
33.8560 	EXP 	intro: autoDraw = False
33.8560 	EXP 	instruction: autoDraw = False
33.8560 	EXP 	cue: pos = array([-0.5,  0. ])
33.8560 	EXP 	target: pos = array([-0.5,  0. ])
33.8560 	EXP 	fixation: autoDraw = True
34.3377 	EXP 	cue: autoDraw = True
34.5393 	EXP 	cue: autoDraw = False
34.5393 	EXP 	target: autoDraw = True
35.1909 	EXP 	New trial (rep=0, index=1): OrderedDict([('target_pos', -0.5), ('cue_pos', -0.5), ('corrAns', 'left ')])
35.1941 	DATA 	Keypress: left
35.2060 	EXP 	fixation: autoDraw = False
35.2060 	EXP 	cue: autoDraw = False
35.2060 	EXP 	target: autoDraw = False
35.2060 	EXP 	cue: pos = array([-0.5,  0. ])
35.2060 	EXP 	target: pos = array([-0.5,  0. ])
35.2060 	EXP 	fixation: autoDraw = True
35.6896 	EXP 	cue: autoDraw = True
35.8894 	EXP 	cue: autoDraw = False
35.8894 	EXP 	target: autoDraw = True
36.4928 	EXP 	New trial (rep=0, index=2): OrderedDict([('target_pos', 0.5), ('cue_pos', 0.5), ('corrAns', 'right ')])
36.4978 	DATA 	Keypress: left
36.5049 	EXP 	fixation: autoDraw = False
36.5049 	EXP 	cue: autoDraw = False
36.5049 	EXP 	target: autoDraw = False
36.5049 	EXP 	cue: pos = array([0.5, 0. ])
36.5049 	EXP 	target: pos = array([0.5, 0. ])
36.5049 	EXP 	fixation: autoDraw = True
36.9896 	EXP 	cue: autoDraw = True
37.1897 	EXP 	cue: autoDraw = False
37.1897 	EXP 	target: autoDraw = True
37.7261 	EXP 	New trial (rep=0, index=3): OrderedDict([('target_pos', -0.5), ('cue_pos', -0.5), ('corrAns', 'left')])
37.7312 	DATA 	Keypress: right
37.7391 	EXP 	fixation: autoDraw = False
37.7391 	EXP 	cue: autoDraw = False
37.7391 	EXP 	target: autoDraw = False
37.7391 	EXP 	cue: pos = array([-0.5,  0. ])
37.7391 	EXP 	target: pos = array([-0.5,  0. ])
37.7391 	EXP 	fixation: autoDraw = True
38.2231 	EXP 	cue: autoDraw = True
38.4230 	EXP 	cue: autoDraw = False
38.4230 	EXP 	target: autoDraw = True
38.8753 	EXP 	New trial (rep=0, index=4): OrderedDict([('target_pos', -0.5), ('cue_pos', -0.5), ('corrAns', 'left ')])
38.8795 	DATA 	Keypress: left
38.8889 	EXP 	fixation: autoDraw = False
38.8889 	EXP 	cue: autoDraw = False
38.8889 	EXP 	target: autoDraw = False
38.8889 	EXP 	cue: pos = array([-0.5,  0. ])
38.8889 	EXP 	target: pos = array([-0.5,  0. ])
38.8889 	EXP 	fixation: autoDraw = True
39.3727 	EXP 	cue: autoDraw = True
39.5732 	EXP 	cue: autoDraw = False
39.5732 	EXP 	target: autoDraw = True
40.0408 	EXP 	New trial (rep=0, index=5): OrderedDict([('target_pos', 0.5), ('cue_pos', 0.5), ('corrAns', 'right ')])
40.0439 	DATA 	Keypress: left
40.0565 	EXP 	fixation: autoDraw = False
40.0565 	EXP 	cue: autoDraw = False
40.0565 	EXP 	target: autoDraw = False
40.0565 	EXP 	cue: pos = array([0.5, 0. ])
40.0565 	EXP 	target: pos = array([0.5, 0. ])
40.0565 	EXP 	fixation: autoDraw = True
40.5398 	EXP 	cue: autoDraw = True
40.7397 	EXP 	cue: autoDraw = False
40.7397 	EXP 	target: autoDraw = True
41.2428 	EXP 	New trial (rep=0, index=6): OrderedDict([('target_pos', -0.5), ('cue_pos', 0.5), ('corrAns', 'left')])
41.2477 	DATA 	Keypress: right
41.2567 	EXP 	fixation: autoDraw = False
41.2567 	EXP 	cue: autoDraw = False
41.2567 	EXP 	target: autoDraw = False
41.2567 	EXP 	cue: pos = array([0.5, 0. ])
41.2567 	EXP 	target: pos = array([-0.5,  0. ])
41.2567 	EXP 	fixation: autoDraw = True
41.7398 	EXP 	cue: autoDraw = True
41.9395 	EXP 	cue: autoDraw = False
41.9395 	EXP 	target: autoDraw = True
42.5078 	EXP 	New trial (rep=0, index=7): OrderedDict([('target_pos', 0.5), ('cue_pos', -0.5), ('corrAns', 'right ')])
42.5109 	DATA 	Keypress: left
42.5233 	EXP 	fixation: autoDraw = False
42.5233 	EXP 	cue: autoDraw = False
42.5233 	EXP 	target: autoDraw = False
42.5233 	EXP 	cue: pos = array([-0.5,  0. ])
42.5233 	EXP 	target: pos = array([0.5, 0. ])
42.5233 	EXP 	fixation: autoDraw = True
43.0067 	EXP 	cue: autoDraw = True
43.2065 	EXP 	cue: autoDraw = False
43.2065 	EXP 	target: autoDraw = True
43.8760 	EXP 	New trial (rep=0, index=8): OrderedDict([('target_pos', 0.5), ('cue_pos', -0.5), ('corrAns', 'right ')])
43.8802 	DATA 	Keypress: right
43.8899 	EXP 	fixation: autoDraw = False
43.8899 	EXP 	cue: autoDraw = False
43.8899 	EXP 	target: autoDraw = False
43.8899 	EXP 	cue: pos = array([-0.5,  0. ])
43.8899 	EXP 	target: pos = array([0.5, 0. ])
43.8899 	EXP 	fixation: autoDraw = True
44.3728 	EXP 	cue: autoDraw = True
44.5732 	EXP 	cue: autoDraw = False
44.5732 	EXP 	target: autoDraw = True
45.1269 	EXP 	New trial (rep=0, index=9): OrderedDict([('target_pos', -0.5), ('cue_pos', 0.5), ('corrAns', 'left ')])
45.1305 	DATA 	Keypress: right
45.1401 	EXP 	fixation: autoDraw = False
45.1401 	EXP 	cue: autoDraw = False
45.1401 	EXP 	target: autoDraw = False
45.1401 	EXP 	cue: pos = array([0.5, 0. ])
45.1401 	EXP 	target: pos = array([-0.5,  0. ])
45.1401 	EXP 	fixation: autoDraw = True
45.6230 	EXP 	cue: autoDraw = True
45.8235 	EXP 	cue: autoDraw = False
45.8235 	EXP 	target: autoDraw = True
46.3268 	DATA 	Keypress: left
46.3433 	EXP 	New trial (rep=1, index=0): OrderedDict([('target_pos', -0.5), ('cue_pos', -0.5), ('corrAns', 'left ')])
46.3569 	EXP 	fixation: autoDraw = False
46.3569 	EXP 	cue: autoDraw = False
46.3569 	EXP 	target: autoDraw = False
46.3569 	EXP 	cue: pos = array([-0.5,  0. ])
46.3569 	EXP 	target: pos = array([-0.5,  0. ])
46.3569 	EXP 	fixation: autoDraw = True
46.8402 	EXP 	cue: autoDraw = True
47.0402 	EXP 	cue: autoDraw = False
47.0402 	EXP 	target: autoDraw = True
47.5600 	EXP 	New trial (rep=1, index=1): OrderedDict([('target_pos', 0.5), ('cue_pos', -0.5), ('corrAns', 'right ')])
47.5648 	DATA 	Keypress: left
47.5736 	EXP 	fixation: autoDraw = False
47.5736 	EXP 	cue: autoDraw = False
47.5736 	EXP 	target: autoDraw = False
47.5736 	EXP 	cue: pos = array([-0.5,  0. ])
47.5736 	EXP 	target: pos = array([0.5, 0. ])
47.5736 	EXP 	fixation: autoDraw = True
48.0568 	EXP 	cue: autoDraw = True
48.2572 	EXP 	cue: autoDraw = False
48.2572 	EXP 	target: autoDraw = True
48.7417 	EXP 	New trial (rep=1, index=2): OrderedDict([('target_pos', -0.5), ('cue_pos', -0.5), ('corrAns', 'left')])
48.7446 	DATA 	Keypress: right
48.7571 	EXP 	fixation: autoDraw = False
48.7571 	EXP 	cue: autoDraw = False
48.7571 	EXP 	target: autoDraw = False
48.7571 	EXP 	cue: pos = array([-0.5,  0. ])
48.7571 	EXP 	target: pos = array([-0.5,  0. ])
48.7571 	EXP 	fixation: autoDraw = True
49.2406 	EXP 	cue: autoDraw = True
49.4403 	EXP 	cue: autoDraw = False
49.4403 	EXP 	target: autoDraw = True
49.8751 	EXP 	New trial (rep=1, index=3): OrderedDict([('target_pos', 0.5), ('cue_pos', 0.5), ('corrAns', 'right ')])
49.8782 	DATA 	Keypress: left
49.8906 	EXP 	fixation: autoDraw = False
49.8906 	EXP 	cue: autoDraw = False
49.8906 	EXP 	target: autoDraw = False
49.8906 	EXP 	cue: pos = array([0.5, 0. ])
49.8906 	EXP 	target: pos = array([0.5, 0. ])
49.8906 	EXP 	fixation: autoDraw = True
50.3738 	EXP 	cue: autoDraw = True
50.5739 	EXP 	cue: autoDraw = False
50.5739 	EXP 	target: autoDraw = True
50.9910 	EXP 	New trial (rep=1, index=4): OrderedDict([('target_pos', 0.5), ('cue_pos', 0.5), ('corrAns', 'right ')])
50.9937 	DATA 	Keypress: right
51.0070 	EXP 	fixation: autoDraw = False
51.0070 	EXP 	cue: autoDraw = False
51.0070 	EXP 	target: autoDraw = False
51.0070 	EXP 	cue: pos = array([0.5, 0. ])
51.0070 	EXP 	target: pos = array([0.5, 0. ])
51.0070 	EXP 	fixation: autoDraw = True
51.4905 	EXP 	cue: autoDraw = True
51.6906 	EXP 	cue: autoDraw = False
51.6906 	EXP 	target: autoDraw = True
52.1743 	EXP 	New trial (rep=1, index=5): OrderedDict([('target_pos', -0.5), ('cue_pos', -0.5), ('corrAns', 'left ')])
52.1770 	DATA 	Keypress: right
52.1907 	EXP 	fixation: autoDraw = False
52.1907 	EXP 	cue: autoDraw = False
52.1907 	EXP 	target: autoDraw = False
52.1907 	EXP 	cue: pos = array([-0.5,  0. ])
52.1907 	EXP 	target: pos = array([-0.5,  0. ])
52.1907 	EXP 	fixation: autoDraw = True
52.6740 	EXP 	cue: autoDraw = True
52.8741 	EXP 	cue: autoDraw = False
52.8741 	EXP 	target: autoDraw = True
53.3413 	EXP 	New trial (rep=1, index=6): OrderedDict([('target_pos', -0.5), ('cue_pos', 0.5), ('corrAns', 'left')])
53.3440 	DATA 	Keypress: left
53.3573 	EXP 	fixation: autoDraw = False
53.3573 	EXP 	cue: autoDraw = False
53.3573 	EXP 	target: autoDraw = False
53.3573 	EXP 	cue: pos = array([0.5, 0. ])
53.3573 	EXP 	target: pos = array([-0.5,  0. ])
53.3573 	EXP 	fixation: autoDraw = True
53.8409 	EXP 	cue: autoDraw = True
54.0408 	EXP 	cue: autoDraw = False
54.0408 	EXP 	target: autoDraw = True
54.7779 	EXP 	New trial (rep=1, index=7): OrderedDict([('target_pos', -0.5), ('cue_pos', 0.5), ('corrAns', 'left ')])
54.7820 	DATA 	Keypress: left
54.7902 	EXP 	fixation: autoDraw = False
54.7902 	EXP 	cue: autoDraw = False
54.7902 	EXP 	target: autoDraw = False
54.7902 	EXP 	cue: pos = array([0.5, 0. ])
54.7902 	EXP 	target: pos = array([-0.5,  0. ])
54.7902 	EXP 	fixation: autoDraw = True
55.2738 	EXP 	cue: autoDraw = True
55.4741 	EXP 	cue: autoDraw = False
55.4741 	EXP 	target: autoDraw = True
56.2767 	EXP 	New trial (rep=1, index=8): OrderedDict([('target_pos', 0.5), ('cue_pos', -0.5), ('corrAns', 'right ')])
56.2798 	DATA 	Keypress: left
56.2906 	EXP 	fixation: autoDraw = False
56.2906 	EXP 	cue: autoDraw = False
56.2906 	EXP 	target: autoDraw = False
56.2906 	EXP 	cue: pos = array([-0.5,  0. ])
56.2906 	EXP 	target: pos = array([0.5, 0. ])
56.2906 	EXP 	fixation: autoDraw = True
56.7745 	EXP 	cue: autoDraw = True
56.9743 	EXP 	cue: autoDraw = False
56.9743 	EXP 	target: autoDraw = True
57.5109 	EXP 	New trial (rep=1, index=9): OrderedDict([('target_pos', -0.5), ('cue_pos', -0.5), ('corrAns', 'left')])
57.5161 	DATA 	Keypress: right
57.5223 	EXP 	fixation: autoDraw = False
57.5223 	EXP 	cue: autoDraw = False
57.5223 	EXP 	target: autoDraw = False
57.5223 	EXP 	cue: pos = array([-0.5,  0. ])
57.5223 	EXP 	target: pos = array([-0.5,  0. ])
57.5223 	EXP 	fixation: autoDraw = True
58.0078 	EXP 	cue: autoDraw = True
58.2078 	EXP 	target: autoDraw = True
58.2238 	EXP 	cue: autoDraw = False
58.6605 	EXP 	New trial (rep=2, index=0): OrderedDict([('target_pos', -0.5), ('cue_pos', -0.5), ('corrAns', 'left')])
58.6642 	DATA 	Keypress: left
58.6735 	EXP 	fixation: autoDraw = False
58.6735 	EXP 	cue: autoDraw = False
58.6735 	EXP 	target: autoDraw = False
58.6735 	EXP 	cue: pos = array([-0.5,  0. ])
58.6735 	EXP 	target: pos = array([-0.5,  0. ])
58.6735 	EXP 	fixation: autoDraw = True
59.1578 	EXP 	cue: autoDraw = True
59.3575 	EXP 	cue: autoDraw = False
59.3575 	EXP 	target: autoDraw = True
59.9088 	EXP 	New trial (rep=2, index=1): OrderedDict([('target_pos', 0.5), ('cue_pos', -0.5), ('corrAns', 'right ')])
59.9114 	DATA 	Keypress: left
59.9246 	EXP 	fixation: autoDraw = False
59.9246 	EXP 	cue: autoDraw = False
59.9246 	EXP 	target: autoDraw = False
59.9246 	EXP 	cue: pos = array([-0.5,  0. ])
59.9246 	EXP 	target: pos = array([0.5, 0. ])
59.9246 	EXP 	fixation: autoDraw = True
60.4074 	EXP 	cue: autoDraw = True
60.6079 	EXP 	cue: autoDraw = False
60.6079 	EXP 	target: autoDraw = True
61.1087 	EXP 	New trial (rep=2, index=2): OrderedDict([('target_pos', 0.5), ('cue_pos', 0.5), ('corrAns', 'right ')])
61.1114 	DATA 	Keypress: right
61.1248 	EXP 	fixation: autoDraw = False
61.1248 	EXP 	cue: autoDraw = False
61.1248 	EXP 	target: autoDraw = False
61.1248 	EXP 	cue: pos = array([0.5, 0. ])
61.1248 	EXP 	target: pos = array([0.5, 0. ])
61.1248 	EXP 	fixation: autoDraw = True
61.6078 	EXP 	cue: autoDraw = True
61.8080 	EXP 	cue: autoDraw = False
61.8080 	EXP 	target: autoDraw = True
62.4109 	EXP 	New trial (rep=2, index=3): OrderedDict([('target_pos', -0.5), ('cue_pos', -0.5), ('corrAns', 'left ')])
62.4152 	DATA 	Keypress: right
62.4246 	EXP 	fixation: autoDraw = False
62.4246 	EXP 	cue: autoDraw = False
62.4246 	EXP 	target: autoDraw = False
62.4246 	EXP 	cue: pos = array([-0.5,  0. ])
62.4246 	EXP 	target: pos = array([-0.5,  0. ])
62.4246 	EXP 	fixation: autoDraw = True
62.9076 	EXP 	cue: autoDraw = True
63.1078 	EXP 	cue: autoDraw = False
63.1078 	EXP 	target: autoDraw = True
63.6444 	EXP 	New trial (rep=2, index=4): OrderedDict([('target_pos', -0.5), ('cue_pos', -0.5), ('corrAns', 'left ')])
63.6493 	DATA 	Keypress: left
63.6583 	EXP 	fixation: autoDraw = False
63.6583 	EXP 	cue: autoDraw = False
63.6583 	EXP 	target: autoDraw = False
63.6583 	EXP 	cue: pos = array([-0.5,  0. ])
63.6583 	EXP 	target: pos = array([-0.5,  0. ])
63.6583 	EXP 	fixation: autoDraw = True
64.1410 	EXP 	cue: autoDraw = True
64.3414 	EXP 	cue: autoDraw = False
64.3414 	EXP 	target: autoDraw = True
64.8780 	EXP 	New trial (rep=2, index=5): OrderedDict([('target_pos', 0.5), ('cue_pos', 0.5), ('corrAns', 'right ')])
64.8836 	DATA 	Keypress: left
64.8916 	EXP 	fixation: autoDraw = False
64.8916 	EXP 	cue: autoDraw = False
64.8916 	EXP 	target: autoDraw = False
64.8916 	EXP 	cue: pos = array([0.5, 0. ])
64.8916 	EXP 	target: pos = array([0.5, 0. ])
64.8916 	EXP 	fixation: autoDraw = True
65.3748 	EXP 	cue: autoDraw = True
65.5749 	EXP 	cue: autoDraw = False
65.5749 	EXP 	target: autoDraw = True
66.0106 	EXP 	New trial (rep=2, index=6): OrderedDict([('target_pos', -0.5), ('cue_pos', 0.5), ('corrAns', 'left')])
66.0149 	DATA 	Keypress: right
66.0248 	EXP 	fixation: autoDraw = False
66.0248 	EXP 	cue: autoDraw = False
66.0248 	EXP 	target: autoDraw = False
66.0248 	EXP 	cue: pos = array([0.5, 0. ])
66.0248 	EXP 	target: pos = array([-0.5,  0. ])
66.0248 	EXP 	fixation: autoDraw = True
66.5084 	EXP 	cue: autoDraw = True
66.7076 	EXP 	cue: autoDraw = False
66.7076 	EXP 	target: autoDraw = True
67.2286 	EXP 	New trial (rep=2, index=7): OrderedDict([('target_pos', -0.5), ('cue_pos', 0.5), ('corrAns', 'left ')])
67.2334 	DATA 	Keypress: left
67.2406 	EXP 	fixation: autoDraw = False
67.2406 	EXP 	cue: autoDraw = False
67.2406 	EXP 	target: autoDraw = False
67.2406 	EXP 	cue: pos = array([0.5, 0. ])
67.2406 	EXP 	target: pos = array([-0.5,  0. ])
67.2406 	EXP 	fixation: autoDraw = True
67.7248 	EXP 	cue: autoDraw = True
67.9251 	EXP 	cue: autoDraw = False
67.9251 	EXP 	target: autoDraw = True
68.5766 	EXP 	New trial (rep=2, index=8): OrderedDict([('target_pos', 0.5), ('cue_pos', -0.5), ('corrAns', 'right ')])
68.5808 	DATA 	Keypress: left
68.5902 	EXP 	fixation: autoDraw = False
68.5902 	EXP 	cue: autoDraw = False
68.5902 	EXP 	target: autoDraw = False
68.5902 	EXP 	cue: pos = array([-0.5,  0. ])
68.5902 	EXP 	target: pos = array([0.5, 0. ])
68.5902 	EXP 	fixation: autoDraw = True
69.0734 	EXP 	cue: autoDraw = True
69.2735 	EXP 	cue: autoDraw = False
69.2735 	EXP 	target: autoDraw = True
69.7266 	EXP 	New trial (rep=2, index=9): OrderedDict([('target_pos', -0.5), ('cue_pos', -0.5), ('corrAns', 'left')])
69.7310 	DATA 	Keypress: right
69.7404 	EXP 	fixation: autoDraw = False
69.7404 	EXP 	cue: autoDraw = False
69.7404 	EXP 	target: autoDraw = False
69.7404 	EXP 	cue: pos = array([-0.5,  0. ])
69.7404 	EXP 	target: pos = array([-0.5,  0. ])
69.7404 	EXP 	fixation: autoDraw = True
70.2235 	EXP 	cue: autoDraw = True
70.4232 	EXP 	cue: autoDraw = False
70.4232 	EXP 	target: autoDraw = True
70.9434 	EXP 	New trial (rep=3, index=0): OrderedDict([('target_pos', -0.5), ('cue_pos', 0.5), ('corrAns', 'left')])
70.9475 	DATA 	Keypress: left
70.9565 	EXP 	fixation: autoDraw = False
70.9565 	EXP 	cue: autoDraw = False
70.9565 	EXP 	target: autoDraw = False
70.9565 	EXP 	cue: pos = array([0.5, 0. ])
70.9565 	EXP 	target: pos = array([-0.5,  0. ])
70.9565 	EXP 	fixation: autoDraw = True
71.4402 	EXP 	cue: autoDraw = True
71.6403 	EXP 	cue: autoDraw = False
71.6403 	EXP 	target: autoDraw = True
72.3604 	EXP 	New trial (rep=3, index=1): OrderedDict([('target_pos', -0.5), ('cue_pos', -0.5), ('corrAns', 'left')])
72.3645 	DATA 	Keypress: left
72.3736 	EXP 	fixation: autoDraw = False
72.3736 	EXP 	cue: autoDraw = False
72.3736 	EXP 	target: autoDraw = False
72.3736 	EXP 	cue: pos = array([-0.5,  0. ])
72.3736 	EXP 	target: pos = array([-0.5,  0. ])
72.3736 	EXP 	fixation: autoDraw = True
72.8566 	EXP 	cue: autoDraw = True
73.0574 	EXP 	cue: autoDraw = False
73.0574 	EXP 	target: autoDraw = True
73.6104 	EXP 	New trial (rep=3, index=2): OrderedDict([('target_pos', 0.5), ('cue_pos', 0.5), ('corrAns', 'right ')])
73.6145 	DATA 	Keypress: left
73.6239 	EXP 	fixation: autoDraw = False
73.6239 	EXP 	cue: autoDraw = False
73.6239 	EXP 	target: autoDraw = False
73.6239 	EXP 	cue: pos = array([0.5, 0. ])
73.6239 	EXP 	target: pos = array([0.5, 0. ])
73.6239 	EXP 	fixation: autoDraw = True
74.1075 	EXP 	cue: autoDraw = True
74.3071 	EXP 	cue: autoDraw = False
74.3071 	EXP 	target: autoDraw = True
74.7935 	EXP 	New trial (rep=3, index=3): OrderedDict([('target_pos', -0.5), ('cue_pos', -0.5), ('corrAns', 'left')])
74.7977 	DATA 	Keypress: right
74.8077 	EXP 	fixation: autoDraw = False
74.8077 	EXP 	cue: autoDraw = False
74.8077 	EXP 	target: autoDraw = False
74.8077 	EXP 	cue: pos = array([-0.5,  0. ])
74.8077 	EXP 	target: pos = array([-0.5,  0. ])
74.8077 	EXP 	fixation: autoDraw = True
75.2908 	EXP 	cue: autoDraw = True
75.4901 	EXP 	cue: autoDraw = False
75.4901 	EXP 	target: autoDraw = True
76.0432 	EXP 	New trial (rep=3, index=4): OrderedDict([('target_pos', -0.5), ('cue_pos', 0.5), ('corrAns', 'left ')])
76.0473 	DATA 	Keypress: left
76.0571 	EXP 	fixation: autoDraw = False
76.0571 	EXP 	cue: autoDraw = False
76.0571 	EXP 	target: autoDraw = False
76.0571 	EXP 	cue: pos = array([0.5, 0. ])
76.0571 	EXP 	target: pos = array([-0.5,  0. ])
76.0571 	EXP 	fixation: autoDraw = True
76.5407 	EXP 	cue: autoDraw = True
76.7408 	EXP 	cue: autoDraw = False
76.7408 	EXP 	target: autoDraw = True
77.4268 	EXP 	New trial (rep=3, index=5): OrderedDict([('target_pos', -0.5), ('cue_pos', -0.5), ('corrAns', 'left ')])
77.4310 	DATA 	Keypress: left
77.4406 	EXP 	fixation: autoDraw = False
77.4406 	EXP 	cue: autoDraw = False
77.4406 	EXP 	target: autoDraw = False
77.4406 	EXP 	cue: pos = array([-0.5,  0. ])
77.4406 	EXP 	target: pos = array([-0.5,  0. ])
77.4406 	EXP 	fixation: autoDraw = True
77.9242 	EXP 	cue: autoDraw = True
78.1243 	EXP 	cue: autoDraw = False
78.1243 	EXP 	target: autoDraw = True
78.6787 	EXP 	New trial (rep=3, index=6): OrderedDict([('target_pos', -0.5), ('cue_pos', -0.5), ('corrAns', 'left ')])
78.6841 	DATA 	Keypress: left
78.6920 	EXP 	fixation: autoDraw = False
78.6920 	EXP 	cue: autoDraw = False
78.6920 	EXP 	target: autoDraw = False
78.6920 	EXP 	cue: pos = array([-0.5,  0. ])
78.6920 	EXP 	target: pos = array([-0.5,  0. ])
78.6920 	EXP 	fixation: autoDraw = True
79.1760 	EXP 	cue: autoDraw = True
79.3743 	EXP 	cue: autoDraw = False
79.3743 	EXP 	target: autoDraw = True
80.0782 	EXP 	New trial (rep=3, index=7): OrderedDict([('target_pos', 0.5), ('cue_pos', 0.5), ('corrAns', 'right ')])
80.0831 	DATA 	Keypress: left
80.0917 	EXP 	fixation: autoDraw = False
80.0917 	EXP 	cue: autoDraw = False
80.0917 	EXP 	target: autoDraw = False
80.0917 	EXP 	cue: pos = array([0.5, 0. ])
80.0917 	EXP 	target: pos = array([0.5, 0. ])
80.0917 	EXP 	fixation: autoDraw = True
80.5759 	EXP 	cue: autoDraw = True
80.7744 	EXP 	cue: autoDraw = False
80.7744 	EXP 	target: autoDraw = True
81.2962 	EXP 	New trial (rep=3, index=8): OrderedDict([('target_pos', 0.5), ('cue_pos', -0.5), ('corrAns', 'right ')])
81.2995 	DATA 	Keypress: right
81.3090 	EXP 	fixation: autoDraw = False
81.3090 	EXP 	cue: autoDraw = False
81.3090 	EXP 	target: autoDraw = False
81.3090 	EXP 	cue: pos = array([-0.5,  0. ])
81.3090 	EXP 	target: pos = array([0.5, 0. ])
81.3090 	EXP 	fixation: autoDraw = True
81.7926 	EXP 	cue: autoDraw = True
81.9926 	EXP 	cue: autoDraw = False
81.9926 	EXP 	target: autoDraw = True
82.5952 	EXP 	New trial (rep=3, index=9): OrderedDict([('target_pos', 0.5), ('cue_pos', -0.5), ('corrAns', 'right ')])
82.5994 	DATA 	Keypress: right
82.6094 	EXP 	fixation: autoDraw = False
82.6094 	EXP 	cue: autoDraw = False
82.6094 	EXP 	target: autoDraw = False
82.6094 	EXP 	cue: pos = array([-0.5,  0. ])
82.6094 	EXP 	target: pos = array([0.5, 0. ])
82.6094 	EXP 	fixation: autoDraw = True
83.0927 	EXP 	cue: autoDraw = True
83.2928 	EXP 	cue: autoDraw = False
83.2928 	EXP 	target: autoDraw = True
84.0286 	EXP 	New trial (rep=4, index=0): OrderedDict([('target_pos', -0.5), ('cue_pos', -0.5), ('corrAns', 'left ')])
84.0328 	DATA 	Keypress: right
84.0427 	EXP 	fixation: autoDraw = False
84.0427 	EXP 	cue: autoDraw = False
84.0427 	EXP 	target: autoDraw = False
84.0427 	EXP 	cue: pos = array([-0.5,  0. ])
84.0427 	EXP 	target: pos = array([-0.5,  0. ])
84.0427 	EXP 	fixation: autoDraw = True
84.5261 	EXP 	cue: autoDraw = True
84.7262 	EXP 	cue: autoDraw = False
84.7262 	EXP 	target: autoDraw = True
85.2460 	EXP 	New trial (rep=4, index=1): OrderedDict([('target_pos', -0.5), ('cue_pos', -0.5), ('corrAns', 'left')])
85.2503 	DATA 	Keypress: left
85.2590 	EXP 	fixation: autoDraw = False
85.2590 	EXP 	cue: autoDraw = False
85.2590 	EXP 	target: autoDraw = False
85.2590 	EXP 	cue: pos = array([-0.5,  0. ])
85.2590 	EXP 	target: pos = array([-0.5,  0. ])
85.2590 	EXP 	fixation: autoDraw = True
85.7429 	EXP 	cue: autoDraw = True
85.9431 	EXP 	cue: autoDraw = False
85.9431 	EXP 	target: autoDraw = True
86.4281 	EXP 	New trial (rep=4, index=2): OrderedDict([('target_pos', 0.5), ('cue_pos', 0.5), ('corrAns', 'right ')])
86.4310 	DATA 	Keypress: left
86.4431 	EXP 	fixation: autoDraw = False
86.4431 	EXP 	cue: autoDraw = False
86.4431 	EXP 	target: autoDraw = False
86.4431 	EXP 	cue: pos = array([0.5, 0. ])
86.4431 	EXP 	target: pos = array([0.5, 0. ])
86.4431 	EXP 	fixation: autoDraw = True
86.9264 	EXP 	cue: autoDraw = True
87.1267 	EXP 	cue: autoDraw = False
87.1267 	EXP 	target: autoDraw = True
87.7119 	EXP 	New trial (rep=4, index=3): OrderedDict([('target_pos', -0.5), ('cue_pos', 0.5), ('corrAns', 'left')])
87.7153 	DATA 	Keypress: right
87.7261 	EXP 	fixation: autoDraw = False
87.7261 	EXP 	cue: autoDraw = False
87.7261 	EXP 	target: autoDraw = False
87.7261 	EXP 	cue: pos = array([0.5, 0. ])
87.7261 	EXP 	target: pos = array([-0.5,  0. ])
87.7261 	EXP 	fixation: autoDraw = True
88.2092 	EXP 	cue: autoDraw = True
88.4095 	EXP 	cue: autoDraw = False
88.4095 	EXP 	target: autoDraw = True
89.0791 	EXP 	New trial (rep=4, index=4): OrderedDict([('target_pos', -0.5), ('cue_pos', 0.5), ('corrAns', 'left ')])
89.0829 	DATA 	Keypress: left
89.0926 	EXP 	fixation: autoDraw = False
89.0926 	EXP 	cue: autoDraw = False
89.0926 	EXP 	target: autoDraw = False
89.0926 	EXP 	cue: pos = array([0.5, 0. ])
89.0926 	EXP 	target: pos = array([-0.5,  0. ])
89.0926 	EXP 	fixation: autoDraw = True
89.5761 	EXP 	cue: autoDraw = True
89.7765 	EXP 	cue: autoDraw = False
89.7765 	EXP 	target: autoDraw = True
90.3976 	EXP 	New trial (rep=4, index=5): OrderedDict([('target_pos', 0.5), ('cue_pos', 0.5), ('corrAns', 'right ')])
90.4005 	DATA 	Keypress: left
90.4097 	EXP 	fixation: autoDraw = False
90.4097 	EXP 	cue: autoDraw = False
90.4097 	EXP 	target: autoDraw = False
90.4097 	EXP 	cue: pos = array([0.5, 0. ])
90.4097 	EXP 	target: pos = array([0.5, 0. ])
90.4097 	EXP 	fixation: autoDraw = True
90.8933 	EXP 	cue: autoDraw = True
91.0937 	EXP 	cue: autoDraw = False
91.0937 	EXP 	target: autoDraw = True
91.7782 	EXP 	New trial (rep=4, index=6): OrderedDict([('target_pos', 0.5), ('cue_pos', -0.5), ('corrAns', 'right ')])
91.7810 	DATA 	Keypress: right
91.7932 	EXP 	fixation: autoDraw = False
91.7932 	EXP 	cue: autoDraw = False
91.7932 	EXP 	target: autoDraw = False
91.7932 	EXP 	cue: pos = array([-0.5,  0. ])
91.7932 	EXP 	target: pos = array([0.5, 0. ])
91.7932 	EXP 	fixation: autoDraw = True
92.2762 	EXP 	cue: autoDraw = True
92.4767 	EXP 	cue: autoDraw = False
92.4767 	EXP 	target: autoDraw = True
93.0962 	EXP 	New trial (rep=4, index=7): OrderedDict([('target_pos', -0.5), ('cue_pos', -0.5), ('corrAns', 'left')])
93.0994 	DATA 	Keypress: right
93.1103 	EXP 	fixation: autoDraw = False
93.1103 	EXP 	cue: autoDraw = False
93.1103 	EXP 	target: autoDraw = False
93.1103 	EXP 	cue: pos = array([-0.5,  0. ])
93.1103 	EXP 	target: pos = array([-0.5,  0. ])
93.1103 	EXP 	fixation: autoDraw = True
93.5934 	EXP 	cue: autoDraw = True
93.7933 	EXP 	cue: autoDraw = False
93.7933 	EXP 	target: autoDraw = True
94.3465 	EXP 	New trial (rep=4, index=8): OrderedDict([('target_pos', -0.5), ('cue_pos', -0.5), ('corrAns', 'left ')])
94.3507 	DATA 	Keypress: left
94.3601 	EXP 	fixation: autoDraw = False
94.3601 	EXP 	cue: autoDraw = False
94.3601 	EXP 	target: autoDraw = False
94.3601 	EXP 	cue: pos = array([-0.5,  0. ])
94.3601 	EXP 	target: pos = array([-0.5,  0. ])
94.3601 	EXP 	fixation: autoDraw = True
94.8433 	EXP 	cue: autoDraw = True
95.0436 	EXP 	cue: autoDraw = False
95.0436 	EXP 	target: autoDraw = True
95.6461 	EXP 	New trial (rep=4, index=9): OrderedDict([('target_pos', 0.5), ('cue_pos', -0.5), ('corrAns', 'right ')])
95.6489 	DATA 	Keypress: left
95.6600 	EXP 	fixation: autoDraw = False
95.6600 	EXP 	cue: autoDraw = False
95.6600 	EXP 	target: autoDraw = False
95.6600 	EXP 	cue: pos = array([-0.5,  0. ])
95.6600 	EXP 	target: pos = array([0.5, 0. ])
95.6600 	EXP 	fixation: autoDraw = True
96.1435 	EXP 	cue: autoDraw = True
96.3431 	EXP 	cue: autoDraw = False
96.3431 	EXP 	target: autoDraw = True
96.9389 	INFO 	saved data to /Users/jeevasm/Desktop/posnerfirst/data/E_Posner_Cueing_Task_2021_Apr_09_1342trials.csv
96.9420 	DATA 	Keypress: right
96.9591 	EXP 	fixation: autoDraw = False
96.9591 	EXP 	cue: autoDraw = False
96.9591 	EXP 	target: autoDraw = False
96.9591 	EXP 	ending: autoDraw = True
107.6965 	DATA 	Keypress: escape
108.0476 	EXP 	window1: mouseVisible = True
108.0478 	DEBUG 	Saving data for Posner_Cueing_Task ExperimentHandler
108.0501 	INFO 	saved data to /Users/jeevasm/Desktop/posnerfirst/data/E_Posner_Cueing_Task_2021_Apr_09_1342.psydat
108.0596 	INFO 	saved data to '/Users/jeevasm/Desktop/posnerfirst/data/E_Posner_Cueing_Task_2021_Apr_09_1342.csv'
